\\nashp\DATABUHP\Nam SEO\.vid_Hoàn thiện_ Lưu\Bé Cá\223 Bé Cá.mp4
\\nashp\DATABUHP\Nam SEO\.vid_Hoàn thiện_ Lưu\Bé Cá\336 Bé Cá.mp4
\\nashp\DATABUHP\Nam SEO\.vid_Hoàn thiện_ Lưu\Bé Cá\084 Bé Cá.mp4
\\nashp\DATABUHP\Nam SEO\.vid_Hoàn thiện_ Lưu\Bé Cá\427 Bé Cá.mp4
\\nashp\DATABUHP\Nam SEO\.Bé Cá\583 BC\Video Edit 583 BC\583 BC.mp4
\\nashp\DATABUHP\.HP_PROJECTs\.vid_Hoàn thiện_ Lưu\Bé Cá\361 Bé Cá.mp4
\\nashp\DATABUHP\Nam SEO\.vid_Hoàn thiện_ Lưu\Bé Cá\400 Bé Cá.mp4
\\nashp\DATABUHP\.HP_PROJECTs\.vid_Hoàn thiện_ Lưu\Bé Cá\386 Bé Cá.mp4
\\nashp\DATABUHP\Nam SEO\.vid_Hoàn thiện_ Lưu\Bé Cá\141 Bé Cá.mp4
\\nashp\DATABUHP\.HP_PROJECTs\.vid_Hoàn thiện_ Lưu\Bé Cá\510 BC.mp4
\\nashp\DATABUHP\Nam SEO\.vid_Hoàn thiện_ Lưu\Bé Cá\248 Bé Cá.mp4
\\nashp\DATABUHP\Nam SEO\.vid_Hoàn thiện_ Lưu\Bé Cá\078 Bé Cá.mp4
\\nashp\DATABUHP\Nam SEO\.vid_Hoàn thiện_ Lưu\Bé Cá\161 Bé Cá.mp4
\\nashp\DATABUHP\Nam SEO\.vid_Hoàn thiện_ Lưu\Bé Cá\102 Bé Cá.mp4
\\nashp\DATABUHP\Nam SEO\.vid_Hoàn thiện_ Lưu\Bé Cá\127 Bé Cá.mp4
\\nashp\DATABUHP\Nam SEO\.vid_Hoàn thiện_ Lưu\Bé Cá\284 Bé Cá.mp4
\\nashp\DATABUHP\Nam SEO\.vid_Hoàn thiện_ Lưu\Bé Cá\326 Bé Cá.mp4
\\nashp\DATABUHP\Nam SEO\.vid_Hoàn thiện_ Lưu\Bé Cá\216 Bé Cá.mp4
\\nashp\DATABUHP\.HP_PROJECTs\.vid_Hoàn thiện_ Lưu\Bé Cá\145 Bé Cá.mp4
\\nashp\DATABUHP\Nam SEO\.vid_Hoàn thiện_ Lưu\Bé Cá\077 Bé Cá.mp4
\\nashp\DATABUHP\Nam SEO\.vid_Hoàn thiện_ Lưu\Bé Cá\218 Bé Cá.mp4
\\nashp\DATABUHP\Nam SEO\.vid_Hoàn thiện_ Lưu\Bé Cá\389 Bé Cá.mp4
\\nashp\DATABUHP\.HP_PROJECTs\.vid_Hoàn thiện_ Lưu\Bé Cá\101 Bé Cá.mp4
\\nashp\DATABUHP\.HP_PROJECTs\.Bé Cá\590 BC\Video Edit 590 BC\590 BC.mp4
\\nashp\DATABUHP\Nam SEO\.vid_Hoàn thiện_ Lưu\Bé Cá\345 Bé Cá.mp4
\\nashp\DATABUHP\.HP_PROJECTs\.vid_Hoàn thiện_ Lưu\Bé Cá\346 Bé Cá.mp4
\\nashp\DATABUHP\.HP_PROJECTs\.vid_Hoàn thiện_ Lưu\Bé Cá\203 Bé Cá.mp4
\\nashp\DATABUHP\Nam SEO\.vid_Hoàn thiện_ Lưu\Bé Cá\394 Bé Cá.mp4
\\nashp\DATABUHP\.HP_PROJECTs\.vid_Hoàn thiện_ Lưu\Bé Cá\187 Bé Cá.mp4
\\nashp\DATABUHP\Nam SEO\.vid_Hoàn thiện_ Lưu\Bé Cá\081 Bé Cá.mp4
\\nashp\DATABUHP\.HP_PROJECTs\.vid_Hoàn thiện_ Lưu\Bé Cá\307 Bé Cá.mp4
\\nashp\DATABUHP\Nam SEO\.vid_Hoàn thiện_ Lưu\Bé Cá\208 Bé Cá.mp4
\\nashp\DATABUHP\.HP_PROJECTs\.vid_Hoàn thiện_ Lưu\Bé Cá\246 Bé Cá.mp4
\\nashp\DATABUHP\.HP_PROJECTs\.vid_Hoàn thiện_ Lưu\Bé Cá\178 Bé Cá.mp4
\\nashp\DATABUHP\.HP_PROJECTs\.vid_Hoàn thiện_ Lưu\Bé Cá\396 Bé Cá.mp4
\\nashp\DATABUHP\.HP_PROJECTs\.vid_Hoàn thiện_ Lưu\Bé Cá\401 Bé Cá.mp4
\\nashp\DATABUHP\Nam SEO\.vid_Hoàn thiện_ Lưu\Bé Cá\212 Bé Cá.mp4
\\nashp\DATABUHP\Nam SEO\.Bé Cá\577 BC\Video Edit 577 BC\577 BC.mp4
\\nashp\DATABUHP\.HP_PROJECTs\.vid_Hoàn thiện_ Lưu\Bé Cá\321 Bé Cá.mp4
\\nashp\DATABUHP\.HP_PROJECTs\.vid_Hoàn thiện_ Lưu\Bé Cá\217 Bé Cá.mp4
\\nashp\DATABUHP\.HP_PROJECTs\.vid_Hoàn thiện_ Lưu\Bé Cá\375 Bé Cá.mp4
\\nashp\DATABUHP\.HP_PROJECTs\.vid_Hoàn thiện_ Lưu\Bé Cá\151 Bé Cá.mp4
\\nashp\DATABUHP\.HP_PROJECTs\.vid_Hoàn thiện_ Lưu\Bé Cá\120 Bé Cá.mp4
\\nashp\DATABUHP\Nam SEO\.vid_Hoàn thiện_ Lưu\Bé Cá\187 Bé Cá.mp4
\\nashp\DATABUHP\.HP_PROJECTs\.vid_Hoàn thiện_ Lưu\Bé Cá\264 Bé Cá.mp4
\\nashp\DATABUHP\Nam SEO\.vid_Hoàn thiện_ Lưu\Bé Cá\251 Bé Cá.mp4
\\nashp\DATABUHP\Nam SEO\.vid_Hoàn thiện_ Lưu\Bé Cá\502 BC.mp4
\\nashp\DATABUHP\Nam SEO\.vid_Hoàn thiện_ Lưu\Bé Cá\215 Bé Cá.mp4
\\nashp\DATABUHP\Nam SEO\.vid_Hoàn thiện_ Lưu\Bé Cá\204 Bé Cá.mp4
\\nashp\DATABUHP\Nam SEO\.vid_Hoàn thiện_ Lưu\Bé Cá\347 Bé Cá.mp4
\\nashp\DATABUHP\.HP_PROJECTs\.vid_Hoàn thiện_ Lưu\Bé Cá\302 Bé Cá.mp4
\\nashp\DATABUHP\.HP_PROJECTs\.vid_Hoàn thiện_ Lưu\Bé Cá\288 Bé Cá.mp4
\\nashp\DATABUHP\Nam SEO\.vid_Hoàn thiện_ Lưu\Bé Cá\354 Bé Cá.mp4
\\nashp\DATABUHP\Nam SEO\.vid_Hoàn thiện_ Lưu\Bé Cá\516 BC.mp4
\\nashp\DATABUHP\.HP_PROJECTs\.vid_Hoàn thiện_ Lưu\Bé Cá\094 Bé Cá.mp4
\\nashp\DATABUHP\.HP_PROJECTs\.vid_Hoàn thiện_ Lưu\Bé Cá\318 Bé Cá.mp4
\\nashp\DATABUHP\Nam SEO\.vid_Hoàn thiện_ Lưu\Bé Cá\369 Bé Cá.mp4
\\nashp\DATABUHP\Nam SEO\.vid_Hoàn thiện_ Lưu\Bé Cá\418 Bé Cá.mp4
\\nashp\DATABUHP\Nam SEO\.vid_Hoàn thiện_ Lưu\Bé Cá\165 Bé Cá.mp4
\\nashp\DATABUHP\Nam SEO\.vid_Hoàn thiện_ Lưu\Bé Cá\206 Bé Cá.mp4
\\nashp\DATABUHP\Nam SEO\.vid_Hoàn thiện_ Lưu\Bé Cá\080 Bé Cá.mp4
\\nashp\DATABUHP\Nam SEO\.vid_Hoàn thiện_ Lưu\Bé Cá\205 Bé Cá.mp4
\\nashp\DATABUHP\.HP_PROJECTs\.vid_Hoàn thiện_ Lưu\Bé Cá\356 Bé Cá.mp4
\\nashp\DATABUHP\.HP_PROJECTs\.vid_Hoàn thiện_ Lưu\Bé Cá\520 BC.mp4
\\nashp\DATABUHP\.HP_PROJECTs\.vid_Hoàn thiện_ Lưu\Bé Cá\078 Bé Cá.mp4
\\nashp\DATABUHP\Nam SEO\.vid_Hoàn thiện_ Lưu\Bé Cá\278 Bé Cá.mp4
\\nashp\DATABUHP\Nam SEO\.vid_Hoàn thiện_ Lưu\Bé Cá\424 Bé Cá.mp4
\\nashp\DATABUHP\.HP_PROJECTs\.vid_Hoàn thiện_ Lưu\Bé Cá\425 Bé Cá.mp4
\\nashp\DATABUHP\.HP_PROJECTs\.vid_Hoàn thiện_ Lưu\Bé Cá\512 BC.mp4
\\nashp\DATABUHP\.HP_PROJECTs\.vid_Hoàn thiện_ Lưu\Bé Cá\085 Bé Cá.mp4
\\nashp\DATABUHP\.HP_PROJECTs\.vid_Hoàn thiện_ Lưu\Bé Cá\269 Bé Cá.mp4
\\nashp\DATABUHP\.HP_PROJECTs\.vid_Hoàn thiện_ Lưu\Bé Cá\365 Bé Cá.mp4
\\nashp\DATABUHP\Nam SEO\.vid_Hoàn thiện_ Lưu\Bé Cá\201 Bé Cá.mp4
\\nashp\DATABUHP\Nam SEO\.vid_Hoàn thiện_ Lưu\Bé Cá\269 Bé Cá.mp4
\\nashp\DATABUHP\.HP_PROJECTs\.vid_Hoàn thiện_ Lưu\Bé Cá\407 Bé Cá.mp4
\\nashp\DATABUHP\.HP_PROJECTs\.vid_Hoàn thiện_ Lưu\Bé Cá\256 Bé Cá.mp4
\\nashp\DATABUHP\.HP_PROJECTs\.vid_Hoàn thiện_ Lưu\Bé Cá\514 BC.mp4
\\nashp\DATABUHP\Nam SEO\.vid_Hoàn thiện_ Lưu\Bé Cá\112 Bé Cá.mp4
\\nashp\DATABUHP\.HP_PROJECTs\.vid_Hoàn thiện_ Lưu\Bé Cá\497BC.mp4
\\nashp\DATABUHP\.HP_PROJECTs\.vid_Hoàn thiện_ Lưu\Bé Cá\390 Bé Cá.mp4
\\nashp\DATABUHP\Nam SEO\.vid_Hoàn thiện_ Lưu\Bé Cá\227 Bé Cá.mp4
\\nashp\DATABUHP\.HP_PROJECTs\.vid_Hoàn thiện_ Lưu\Bé Cá\283 Bé Cá.mp4
\\nashp\DATABUHP\Nam SEO\.vid_Hoàn thiện_ Lưu\Bé Cá\364 Bé Cá.mp4
\\nashp\DATABUHP\.HP_PROJECTs\.vid_Hoàn thiện_ Lưu\Bé Cá\329 Bé Cá.mp4
\\nashp\DATABUHP\Nam SEO\.vid_Hoàn thiện_ Lưu\Bé Cá\332 Bé Cá.mp4
\\nashp\DATABUHP\Nam SEO\.vid_Hoàn thiện_ Lưu\Bé Cá\226 Bé Cá.mp4
\\nashp\DATABUHP\Nam SEO\.vid_Hoàn thiện_ Lưu\Bé Cá\198 Bé Cá.mp4
\\nashp\DATABUHP\Nam SEO\.vid_Hoàn thiện_ Lưu\Bé Cá\241 Bé Cá.mp4
\\nashp\DATABUHP\.HP_PROJECTs\.vid_Hoàn thiện_ Lưu\Bé Cá\222 Bé Cá.mp4
\\nashp\DATABUHP\Nam SEO\.vid_Hoàn thiện_ Lưu\Bé Cá\327 Bé Cá.mp4
\\nashp\DATABUHP\Nam SEO\.vid_Hoàn thiện_ Lưu\Bé Cá\253 Bé Cá.mp4
\\nashp\DATABUHP\Nam SEO\.vid_Hoàn thiện_ Lưu\Bé Cá\125 Bé Cá.mp4
\\nashp\DATABUHP\.HP_PROJECTs\.vid_Hoàn thiện_ Lưu\Bé Cá\501 BC.mp4
\\nashp\DATABUHP\Nam SEO\.Bé Cá\586 BC\Video Edit 586 BC\586 BC.mp4
\\nashp\DATABUHP\Nam SEO\.vid_Hoàn thiện_ Lưu\Bé Cá\370 Bé Cá.mp4
\\nashp\DATABUHP\.HP_PROJECTs\.vid_Hoàn thiện_ Lưu\Bé Cá\350 Bé Cá.mp4
\\nashp\DATABUHP\.HP_PROJECTs\.vid_Hoàn thiện_ Lưu\Bé Cá\205 Bé Cá.mp4
\\nashp\DATABUHP\.HP_PROJECTs\.vid_Hoàn thiện_ Lưu\Bé Cá\173 Bé Cá.mp4
\\nashp\DATABUHP\Nam SEO\.vid_Hoàn thiện_ Lưu\Bé Cá\113 Bé Cá.mp4
\\nashp\DATABUHP\Nam SEO\.vid_Hoàn thiện_ Lưu\Bé Cá\194 Bé Cá.mp4
\\nashp\DATABUHP\.HP_PROJECTs\.vid_Hoàn thiện_ Lưu\Bé Cá\076 Bé Cá.mp4
\\nashp\DATABUHP\Nam SEO\.vid_Hoàn thiện_ Lưu\Bé Cá\096 Bé Cá.mp4
\\nashp\DATABUHP\.HP_PROJECTs\.vid_Hoàn thiện_ Lưu\Bé Cá\374 Bé Cá.mp4
\\nashp\DATABUHP\Nam SEO\.vid_Hoàn thiện_ Lưu\Bé Cá\250 Bé Cá.mp4
\\nashp\DATABUHP\Nam SEO\.vid_Hoàn thiện_ Lưu\Bé Cá\310 Bé Cá.mp4
\\nashp\DATABUHP\Nam SEO\.vid_Hoàn thiện_ Lưu\Bé Cá\118 Bé Cá.mp4
\\nashp\DATABUHP\Nam SEO\.vid_Hoàn thiện_ Lưu\Bé Cá\296 Bé Cá.mp4
\\nashp\DATABUHP\Nam SEO\.Bé Cá\585 BC\Video Edit 585 BC\585 BC.mp4
\\nashp\DATABUHP\Nam SEO\.vid_Hoàn thiện_ Lưu\Bé Cá\341 Bé Cá.mp4
\\nashp\DATABUHP\.HP_PROJECTs\.vid_Hoàn thiện_ Lưu\Bé Cá\181 Bé Cá.mp4
\\nashp\DATABUHP\.HP_PROJECTs\.vid_Hoàn thiện_ Lưu\Bé Cá\166 Bé Cá.mp4
\\nashp\DATABUHP\Nam SEO\.vid_Hoàn thiện_ Lưu\Bé Cá\309 Bé Cá.mp4
\\nashp\DATABUHP\Nam SEO\.vid_Hoàn thiện_ Lưu\Bé Cá\283 Bé Cá.mp4
\\nashp\DATABUHP\Nam SEO\.vid_Hoàn thiện_ Lưu\Bé Cá\082 Bé Cá.mp4
\\nashp\DATABUHP\.HP_PROJECTs\.vid_Hoàn thiện_ Lưu\Bé Cá\231 Bé Cá.mp4
\\nashp\DATABUHP\.HP_PROJECTs\.vid_Hoàn thiện_ Lưu\Bé Cá\434 Bé Cá.mp4
\\nashp\DATABUHP\Nam SEO\.vid_Hoàn thiện_ Lưu\Bé Cá\272 Bé Cá.mp4
\\nashp\DATABUHP\.HP_PROJECTs\.vid_Hoàn thiện_ Lưu\Bé Cá\232 Bé Cá.mp4
\\nashp\DATABUHP\.HP_PROJECTs\.vid_Hoàn thiện_ Lưu\Bé Cá\137 Bé Cá.mp4
\\nashp\DATABUHP\Nam SEO\.vid_Hoàn thiện_ Lưu\Bé Cá\153 Bé Cá.mp4
\\nashp\DATABUHP\.HP_PROJECTs\.vid_Hoàn thiện_ Lưu\Bé Cá\305 Bé Cá.mp4
\\nashp\DATABUHP\Nam SEO\.vid_Hoàn thiện_ Lưu\Bé Cá\086 Bé Cá.mp4
\\nashp\DATABUHP\.HP_PROJECTs\.vid_Hoàn thiện_ Lưu\Bé Cá\355 Bé Cá.mp4
\\nashp\DATABUHP\.HP_PROJECTs\.vid_Hoàn thiện_ Lưu\Bé Cá\224 Bé Cá.mp4
\\nashp\DATABUHP\Nam SEO\.Bé Cá\588 BC\Video Edit 588 BC\588 BC.mp4
\\nashp\DATABUHP\Nam SEO\.vid_Hoàn thiện_ Lưu\Bé Cá\301 Bé Cá.mp4
\\nashp\DATABUHP\.HP_PROJECTs\.vid_Hoàn thiện_ Lưu\Bé Cá\377 Bé Cá.mp4
\\nashp\DATABUHP\.HP_PROJECTs\.vid_Hoàn thiện_ Lưu\Bé Cá\494 BC.mp4
\\nashp\DATABUHP\.HP_PROJECTs\.vid_Hoàn thiện_ Lưu\Bé Cá\164 Bé Cá.mp4
\\nashp\DATABUHP\.HP_PROJECTs\.Bé Cá\594 BC\Video Edit 594 BC\594 BC.mp4
\\nashp\DATABUHP\Nam SEO\.vid_Hoàn thiện_ Lưu\Bé Cá\129 Bé Cá.mp4
\\nashp\DATABUHP\Nam SEO\.vid_Hoàn thiện_ Lưu\Bé Cá\363 Bé Cá.mp4
\\nashp\DATABUHP\Nam SEO\.vid_Hoàn thiện_ Lưu\Bé Cá\307 Bé Cá.mp4
\\nashp\DATABUHP\Nam SEO\.vid_Hoàn thiện_ Lưu\Bé Cá\318 Bé Cá.mp4
\\nashp\DATABUHP\Nam SEO\.vid_Hoàn thiện_ Lưu\Bé Cá\271 Bé Cá.mp4
\\nashp\DATABUHP\.HP_PROJECTs\.vid_Hoàn thiện_ Lưu\Bé Cá\382 Bé Cá.mp4
\\nashp\DATABUHP\.HP_PROJECTs\.Bé Cá\595 BC\Video Edit 595 BC\595 BC.mp4
\\nashp\DATABUHP\.HP_PROJECTs\.vid_Hoàn thiện_ Lưu\Bé Cá\201 Bé Cá.mp4
\\nashp\DATABUHP\Nam SEO\.vid_Hoàn thiện_ Lưu\Bé Cá\381 Bé Cá.mp4
\\nashp\DATABUHP\Nam SEO\.vid_Hoàn thiện_ Lưu\Bé Cá\160 Bé Cá.mp4
\\nashp\DATABUHP\.HP_PROJECTs\.vid_Hoàn thiện_ Lưu\Bé Cá\084 Bé Cá.mp4
\\nashp\DATABUHP\.HP_PROJECTs\.vid_Hoàn thiện_ Lưu\Bé Cá\214 Bé Cá.mp4
\\nashp\DATABUHP\.HP_PROJECTs\.vid_Hoàn thiện_ Lưu\Bé Cá\150 Bé Cá.mp4
\\nashp\DATABUHP\Nam SEO\.vid_Hoàn thiện_ Lưu\Bé Cá\181 Bé Cá.mp4
\\nashp\DATABUHP\Nam SEO\.vid_Hoàn thiện_ Lưu\Bé Cá\330 Bé Cá.mp4
\\nashp\DATABUHP\Nam SEO\.vid_Hoàn thiện_ Lưu\Bé Cá\144 Bé Cá.mp4
\\nashp\DATABUHP\.HP_PROJECTs\.Bé Cá\592 BC\Video Edit 592 BC\592 BC.mp4
\\nashp\DATABUHP\Nam SEO\.vid_Hoàn thiện_ Lưu\Bé Cá\316 Bé Cá.mp4
\\nashp\DATABUHP\Nam SEO\.vid_Hoàn thiện_ Lưu\Bé Cá\356 Bé Cá.mp4
\\nashp\DATABUHP\.HP_PROJECTs\.vid_Hoàn thiện_ Lưu\Bé Cá\136 Bé Cá.mp4
\\nashp\DATABUHP\.HP_PROJECTs\.vid_Hoàn thiện_ Lưu\Bé Cá\245 Bé Cá.mp4
\\nashp\DATABUHP\.HP_PROJECTs\.vid_Hoàn thiện_ Lưu\Bé Cá\097 Bé Cá.mp4
\\nashp\DATABUHP\Nam SEO\.vid_Hoàn thiện_ Lưu\Bé Cá\435 Bé Cá.mp4
\\nashp\DATABUHP\.HP_PROJECTs\.vid_Hoàn thiện_ Lưu\Bé Cá\113 Bé Cá.mp4
\\nashp\DATABUHP\.HP_PROJECTs\.vid_Hoàn thiện_ Lưu\Bé Cá\506 BC.mp4
\\nashp\DATABUHP\Nam SEO\.vid_Hoàn thiện_ Lưu\Bé Cá\162 Bé Cá.mp4
\\nashp\DATABUHP\.HP_PROJECTs\.Bé Cá\596 BC\Video Edit 596 BC\596 BC.mp4
\\nashp\DATABUHP\.HP_PROJECTs\.Bé Cá\591 BC\Video Edit 591 BC\591 BC.mp4
\\nashp\DATABUHP\.HP_PROJECTs\.vid_Hoàn thiện_ Lưu\Bé Cá\287 Bé Cá.mp4
\\nashp\DATABUHP\Nam SEO\.vid_Hoàn thiện_ Lưu\Bé Cá\150 Bé Cá.mp4
\\nashp\DATABUHP\Nam SEO\.vid_Hoàn thiện_ Lưu\Bé Cá\178 Bé Cá.mp4
\\nashp\DATABUHP\.HP_PROJECTs\.vid_Hoàn thiện_ Lưu\Bé Cá\367 Bé Cá.mp4
\\nashp\DATABUHP\Nam SEO\.vid_Hoàn thiện_ Lưu\Bé Cá\136 Bé Cá.mp4
\\nashp\DATABUHP\Nam SEO\.vid_Hoàn thiện_ Lưu\Bé Cá\137 Bé Cá.mp4
\\nashp\DATABUHP\Nam SEO\.vid_Hoàn thiện_ Lưu\Bé Cá\498 BC.mp4
\\nashp\DATABUHP\.HP_PROJECTs\.vid_Hoàn thiện_ Lưu\Bé Cá\131 Bé Cá.mp4
\\nashp\DATABUHP\Nam SEO\.vid_Hoàn thiện_ Lưu\Bé Cá\264 Bé Cá.mp4
\\nashp\DATABUHP\Nam SEO\.Bé Cá\584 BC\Video Edit 584 BC\584 BC.mp4
\\nashp\DATABUHP\Nam SEO\.vid_Hoàn thiện_ Lưu\Bé Cá\274 Bé Cá.mp4
\\nashp\DATABUHP\.HP_PROJECTs\.vid_Hoàn thiện_ Lưu\Bé Cá\135 Bé Cá.mp4
\\nashp\DATABUHP\.HP_PROJECTs\.vid_Hoàn thiện_ Lưu\Bé Cá\180 Bé Cá.mp4
\\nashp\DATABUHP\.HP_PROJECTs\.vid_Hoàn thiện_ Lưu\Bé Cá\183 Bé Cá.mp4
\\nashp\DATABUHP\Nam SEO\.vid_Hoàn thiện_ Lưu\Bé Cá\172 Bé Cá (2).mp4
\\nashp\DATABUHP\.HP_PROJECTs\.vid_Hoàn thiện_ Lưu\Bé Cá\504 BC.mp4
\\nashp\DATABUHP\.HP_PROJECTs\.vid_Hoàn thiện_ Lưu\Bé Cá\392 Bé Cá.mp4
\\nashp\DATABUHP\.HP_PROJECTs\.vid_Hoàn thiện_ Lưu\Bé Cá\277 Bé Cá.mp4
\\nashp\DATABUHP\.HP_PROJECTs\.vid_Hoàn thiện_ Lưu\Bé Cá\423 Bé Cá.mp4
\\nashp\DATABUHP\Nam SEO\.vid_Hoàn thiện_ Lưu\Bé Cá\097 Bé Cá.mp4
\\nashp\DATABUHP\Nam SEO\.vid_Hoàn thiện_ Lưu\Bé Cá\344 Bé Cá.mp4
\\nashp\DATABUHP\.HP_PROJECTs\.vid_Hoàn thiện_ Lưu\Bé Cá\060 Bé Cá.mp4
\\nashp\DATABUHP\Nam SEO\.vid_Hoàn thiện_ Lưu\Bé Cá\293 Bé Cá.mp4
\\nashp\DATABUHP\.HP_PROJECTs\.vid_Hoàn thiện_ Lưu\Bé Cá\105 Bé Cá.mp4
\\nashp\DATABUHP\Nam SEO\.vid_Hoàn thiện_ Lưu\Bé Cá\377 Bé Cá.mp4
\\nashp\DATABUHP\.HP_PROJECTs\.vid_Hoàn thiện_ Lưu\Bé Cá\223 Bé Cá.mp4
\\nashp\DATABUHP\.HP_PROJECTs\.vid_Hoàn thiện_ Lưu\Bé Cá\284 Bé Cá.mp4
\\nashp\DATABUHP\.HP_PROJECTs\.vid_Hoàn thiện_ Lưu\Bé Cá\317 Bé Cá.mp4
\\nashp\DATABUHP\Nam SEO\.vid_Hoàn thiện_ Lưu\Bé Cá\361 Bé Cá.mp4
\\nashp\DATABUHP\Nam SEO\.vid_Hoàn thiện_ Lưu\Bé Cá\420 Bé Cá.mp4
\\nashp\DATABUHP\Nam SEO\.vid_Hoàn thiện_ Lưu\Bé Cá\508 BC.mp4
\\nashp\DATABUHP\.HP_PROJECTs\.vid_Hoàn thiện_ Lưu\Bé Cá\228 Bé Cá.mp4
\\nashp\DATABUHP\Nam SEO\.vid_Hoàn thiện_ Lưu\Bé Cá\230 Bé Cá.mp4
\\nashp\DATABUHP\Nam SEO\.vid_Hoàn thiện_ Lưu\Bé Cá\350 Bé Cá.mp4
\\nashp\DATABUHP\.HP_PROJECTs\.vid_Hoàn thiện_ Lưu\Bé Cá\198 Bé Cá.mp4
\\nashp\DATABUHP\Nam SEO\.vid_Hoàn thiện_ Lưu\Bé Cá\407 Bé Cá.mp4
\\nashp\DATABUHP\Nam SEO\.vid_Hoàn thiện_ Lưu\Bé Cá\171 Bé Cá.mp4
\\nashp\DATABUHP\Nam SEO\.vid_Hoàn thiện_ Lưu\Bé Cá\504 BC.mp4
\\nashp\DATABUHP\Nam SEO\.vid_Hoàn thiện_ Lưu\Bé Cá\410 Bé Cá.mp4
\\nashp\DATABUHP\.HP_PROJECTs\.vid_Hoàn thiện_ Lưu\Bé Cá\311 Bé Cá.mp4
\\nashp\DATABUHP\.HP_PROJECTs\.vid_Hoàn thiện_ Lưu\Bé Cá\239 Bé Cá.mp4
\\nashp\DATABUHP\Nam SEO\.vid_Hoàn thiện_ Lưu\Bé Cá\101 Bé Cá.mp4
\\nashp\DATABUHP\.HP_PROJECTs\.vid_Hoàn thiện_ Lưu\Bé Cá\080 Bé Cá.mp4
\\nashp\DATABUHP\Nam SEO\.vid_Hoàn thiện_ Lưu\Bé Cá\262 Bé Cá.mp4
\\nashp\DATABUHP\.HP_PROJECTs\.vid_Hoàn thiện_ Lưu\Bé Cá\296 Bé Cá.mp4
\\nashp\DATABUHP\Nam SEO\.vid_Hoàn thiện_ Lưu\Bé Cá\386 Bé Cá.mp4
\\nashp\DATABUHP\Nam SEO\.vid_Hoàn thiện_ Lưu\Bé Cá\268 Bé Cá.mp4
\\nashp\DATABUHP\Nam SEO\.vid_Hoàn thiện_ Lưu\Bé Cá\376 Bé Cá.mp4
\\nashp\DATABUHP\.HP_PROJECTs\.vid_Hoàn thiện_ Lưu\Bé Cá\115 Bé Cá.mp4
\\nashp\DATABUHP\Nam SEO\.vid_Hoàn thiện_ Lưu\Bé Cá\211 Bé Cá.mp4
\\nashp\DATABUHP\Nam SEO\.vid_Hoàn thiện_ Lưu\Bé Cá\232 Bé Cá.mp4
\\nashp\DATABUHP\Nam SEO\.vid_Hoàn thiện_ Lưu\Bé Cá\499 BC.mp4
\\nashp\DATABUHP\.HP_PROJECTs\.vid_Hoàn thiện_ Lưu\Bé Cá\174 Bé Cá.mp4
\\nashp\DATABUHP\Nam SEO\.vid_Hoàn thiện_ Lưu\Bé Cá\174 Bé Cá.mp4
\\nashp\DATABUHP\Nam SEO\.vid_Hoàn thiện_ Lưu\Bé Cá\431 Bé Cá.mp4
\\nashp\DATABUHP\.HP_PROJECTs\.vid_Hoàn thiện_ Lưu\Bé Cá\491 BC.mp4
\\nashp\DATABUHP\.HP_PROJECTs\.vid_Hoàn thiện_ Lưu\Bé Cá\419 Bé Cá.mp4
\\nashp\DATABUHP\Nam SEO\.vid_Hoàn thiện_ Lưu\Bé Cá\069 Bé Cá.mp4
\\nashp\DATABUHP\Nam SEO\.vid_Hoàn thiện_ Lưu\Bé Cá\217 Bé Cá.mp4
\\nashp\DATABUHP\Nam SEO\.vid_Hoàn thiện_ Lưu\Bé Cá\110 Bé Cá.mp4
\\nashp\DATABUHP\.HP_PROJECTs\.vid_Hoàn thiện_ Lưu\Bé Cá\254 Bé Cá.mp4
\\nashp\DATABUHP\Nam SEO\.vid_Hoàn thiện_ Lưu\Bé Cá\156 Bé Cá.mp4
\\nashp\DATABUHP\.HP_PROJECTs\.vid_Hoàn thiện_ Lưu\Bé Cá\138 Bé Cá.mp4
\\nashp\DATABUHP\Nam SEO\.vid_Hoàn thiện_ Lưu\Bé Cá\238 Bé Cá.mp4
\\nashp\DATABUHP\Nam SEO\.vid_Hoàn thiện_ Lưu\Bé Cá\355 Bé Cá.mp4
\\nashp\DATABUHP\Nam SEO\.vid_Hoàn thiện_ Lưu\Bé Cá\353 Bé Cá.mp4
\\nashp\DATABUHP\.HP_PROJECTs\.vid_Hoàn thiện_ Lưu\Bé Cá\112 Bé Cá.mp4
\\nashp\DATABUHP\.HP_PROJECTs\.vid_Hoàn thiện_ Lưu\Bé Cá\075 Bé Cá.mp4
\\nashp\DATABUHP\.HP_PROJECTs\.vid_Hoàn thiện_ Lưu\Bé Cá\141 Bé Cá.mp4
\\nashp\DATABUHP\Nam SEO\.vid_Hoàn thiện_ Lưu\Bé Cá\430 Bé Cá.mp4
\\nashp\DATABUHP\Nam SEO\.vid_Hoàn thiện_ Lưu\Bé Cá\255 Bé Cá.mp4
\\nashp\DATABUHP\.HP_PROJECTs\.vid_Hoàn thiện_ Lưu\Bé Cá\179 Bé Cá.mp4
\\nashp\DATABUHP\.HP_PROJECTs\.vid_Hoàn thiện_ Lưu\Bé Cá\083 Bé Cá.mp4
\\nashp\DATABUHP\Nam SEO\.vid_Hoàn thiện_ Lưu\Bé Cá\210 Bé Cá.mp4
\\nashp\DATABUHP\Nam SEO\.vid_Hoàn thiện_ Lưu\Bé Cá\340 Bé Cá.mp4
\\nashp\DATABUHP\Nam SEO\.vid_Hoàn thiện_ Lưu\Bé Cá\302 Bé Cá.mp4
\\nashp\DATABUHP\Nam SEO\.vid_Hoàn thiện_ Lưu\Bé Cá\258 Bé Cá.mp4
\\nashp\DATABUHP\.HP_PROJECTs\.vid_Hoàn thiện_ Lưu\Bé Cá\331 Bé Cá.mp4
\\nashp\DATABUHP\.HP_PROJECTs\.vid_Hoàn thiện_ Lưu\Bé Cá\435 Bé Cá.mp4
\\nashp\DATABUHP\.HP_PROJECTs\.vid_Hoàn thiện_ Lưu\Bé Cá\209 Bé Cá.mp4
\\nashp\DATABUHP\Nam SEO\.vid_Hoàn thiện_ Lưu\Bé Cá\492 BC.mp4
\\nashp\DATABUHP\Nam SEO\.vid_Hoàn thiện_ Lưu\Bé Cá\240 Bé Cá.mp4
\\nashp\DATABUHP\.HP_PROJECTs\.vid_Hoàn thiện_ Lưu\Bé Cá\281 Bé Cá.mp4
\\nashp\DATABUHP\Nam SEO\.vid_Hoàn thiện_ Lưu\Bé Cá\405 Bé Cá.mp4
\\nashp\DATABUHP\Nam SEO\.vid_Hoàn thiện_ Lưu\Bé Cá\328 Bé Cá.mp4
\\nashp\DATABUHP\Nam SEO\.vid_Hoàn thiện_ Lưu\Bé Cá\175 Bé Cá.mp4
\\nashp\DATABUHP\Nam SEO\.vid_Hoàn thiện_ Lưu\Bé Cá\490 BC.mp4
\\nashp\DATABUHP\.HP_PROJECTs\.vid_Hoàn thiện_ Lưu\Bé Cá\066 Bé Cá.mp4
\\nashp\DATABUHP\.HP_PROJECTs\.vid_Hoàn thiện_ Lưu\Bé Cá\096 Bé Cá.mp4
\\nashp\DATABUHP\Nam SEO\.vid_Hoàn thiện_ Lưu\Bé Cá\199 Bé Cá.mp4
\\nashp\DATABUHP\.HP_PROJECTs\.vid_Hoàn thiện_ Lưu\Bé Cá\320 Bé Cá.mp4
\\nashp\DATABUHP\.HP_PROJECTs\.vid_Hoàn thiện_ Lưu\Bé Cá\152 Bé Cá.mp4
\\nashp\DATABUHP\.HP_PROJECTs\.vid_Hoàn thiện_ Lưu\Bé Cá\310 Bé Cá.mp4
\\nashp\DATABUHP\.HP_PROJECTs\.vid_Hoàn thiện_ Lưu\Bé Cá\389 Bé Cá.mp4
\\nashp\DATABUHP\.HP_PROJECTs\.vid_Hoàn thiện_ Lưu\Bé Cá\289 Bé Cá.mp4
\\nashp\DATABUHP\.HP_PROJECTs\.vid_Hoàn thiện_ Lưu\Bé Cá\082 Bé Cá.mp4
\\nashp\DATABUHP\Nam SEO\.vid_Hoàn thiện_ Lưu\Bé Cá\233 Bé Cá.mp4
\\nashp\DATABUHP\.HP_PROJECTs\.vid_Hoàn thiện_ Lưu\Bé Cá\226 Bé Cá.mp4
\\nashp\DATABUHP\Nam SEO\.vid_Hoàn thiện_ Lưu\Bé Cá\299 Bé Cá.mp4
\\nashp\DATABUHP\Nam SEO\.vid_Hoàn thiện_ Lưu\Bé Cá\244 Bé Cá.mp4
\\nashp\DATABUHP\.HP_PROJECTs\.vid_Hoàn thiện_ Lưu\Bé Cá\304 Bé Cá.mp4
\\nashp\DATABUHP\.HP_PROJECTs\.Bé Cá\597 BC\Video Edit 597 BC\597 BC.mp4
\\nashp\DATABUHP\.HP_PROJECTs\.vid_Hoàn thiện_ Lưu\Bé Cá\285 Bé Cá.mp4
\\nashp\DATABUHP\.HP_PROJECTs\.vid_Hoàn thiện_ Lưu\Bé Cá\236 Bé Cá.mp4
\\nashp\DATABUHP\.HP_PROJECTs\.vid_Hoàn thiện_ Lưu\Bé Cá\177 Bé Cá.mp4
\\nashp\DATABUHP\Nam SEO\.vid_Hoàn thiện_ Lưu\Bé Cá\103 Bé Cá.mp4
\\nashp\DATABUHP\Nam SEO\.vid_Hoàn thiện_ Lưu\Bé Cá\415 Bé Cá.mp4
\\nashp\DATABUHP\Nam SEO\.vid_Hoàn thiện_ Lưu\Bé Cá\402 Bé Cá.mp4
\\nashp\DATABUHP\.HP_PROJECTs\.vid_Hoàn thiện_ Lưu\Bé Cá\490 BC.mp4
\\nashp\DATABUHP\Nam SEO\.vid_Hoàn thiện_ Lưu\Bé Cá\265 Bé Cá.mp4
\\nashp\DATABUHP\Nam SEO\.vid_Hoàn thiện_ Lưu\Bé Cá\159 Bé Cá.mp4
\\nashp\DATABUHP\Nam SEO\.vid_Hoàn thiện_ Lưu\Bé Cá\282 Bé Cá.mp4
\\nashp\DATABUHP\Nam SEO\.vid_Hoàn thiện_ Lưu\Bé Cá\335 Bé Cá.mp4
\\nashp\DATABUHP\.HP_PROJECTs\.vid_Hoàn thiện_ Lưu\Bé Cá\243 Bé Cá.mp4
\\nashp\DATABUHP\Nam SEO\.vid_Hoàn thiện_ Lưu\Bé Cá\423 Bé Cá.mp4
\\nashp\DATABUHP\Nam SEO\.vid_Hoàn thiện_ Lưu\Bé Cá\151 Bé Cá.mp4
\\nashp\DATABUHP\Nam SEO\.vid_Hoàn thiện_ Lưu\Bé Cá\245 Bé Cá.mp4
\\nashp\DATABUHP\Nam SEO\.vid_Hoàn thiện_ Lưu\Bé Cá\062 Bé Cá.mp4
\\nashp\DATABUHP\.HP_PROJECTs\.vid_Hoàn thiện_ Lưu\Bé Cá\193 Bé Cá.mp4
\\nashp\DATABUHP\.HP_PROJECTs\.vid_Hoàn thiện_ Lưu\Bé Cá\424 Bé Cá.mp4
\\nashp\DATABUHP\Nam SEO\.vid_Hoàn thiện_ Lưu\Bé Cá\496 BC.mp4
\\nashp\DATABUHP\.HP_PROJECTs\.vid_Hoàn thiện_ Lưu\Bé Cá\306 Bé Cá.mp4
\\nashp\DATABUHP\Nam SEO\.vid_Hoàn thiện_ Lưu\Bé Cá\246 Bé Cá.mp4
\\nashp\DATABUHP\Nam SEO\.vid_Hoàn thiện_ Lưu\Bé Cá\149 Bé Cá.mp4
\\nashp\DATABUHP\.HP_PROJECTs\.vid_Hoàn thiện_ Lưu\Bé Cá\271 Bé Cá.mp4
\\nashp\DATABUHP\.HP_PROJECTs\.vid_Hoàn thiện_ Lưu\Bé Cá\065 Bé Cá.mp4
\\nashp\DATABUHP\Nam SEO\.vid_Hoàn thiện_ Lưu\Bé Cá\337 Bé Cá.mp4
\\nashp\DATABUHP\Nam SEO\.vid_Hoàn thiện_ Lưu\Bé Cá\501 BC.mp4
\\nashp\DATABUHP\Nam SEO\.vid_Hoàn thiện_ Lưu\Bé Cá\164 Bé Cá.mp4
\\nashp\DATABUHP\.HP_PROJECTs\.Bé Cá\600 BC\Video Edit 600 BC\600 BC.mp4
\\nashp\DATABUHP\Nam SEO\.vid_Hoàn thiện_ Lưu\Bé Cá\280 Bé Cá.mp4
\\nashp\DATABUHP\Nam SEO\.vid_Hoàn thiện_ Lưu\Bé Cá\351 Bé Cá.mp4
\\nashp\DATABUHP\.HP_PROJECTs\.vid_Hoàn thiện_ Lưu\Bé Cá\095 Bé Cá.mp4
\\nashp\DATABUHP\Nam SEO\.vid_Hoàn thiện_ Lưu\Bé Cá\117 Bé Cá.mp4
\\nashp\DATABUHP\Nam SEO\.vid_Hoàn thiện_ Lưu\Bé Cá\379 Bé Cá.mp4
\\nashp\DATABUHP\.HP_PROJECTs\.vid_Hoàn thiện_ Lưu\Bé Cá\432 Bé Cá.mp4
\\nashp\DATABUHP\.HP_PROJECTs\.vid_Hoàn thiện_ Lưu\Bé Cá\383 Bé Cá.mp4
\\nashp\DATABUHP\.HP_PROJECTs\.vid_Hoàn thiện_ Lưu\Bé Cá\429 Bé Cá.mp4
\\nashp\DATABUHP\Nam SEO\.Bé Cá\589 BC\Video Edit 589 BC\589 BC.mp4
\\nashp\DATABUHP\Nam SEO\.vid_Hoàn thiện_ Lưu\Bé Cá\358 Bé Cá.mp4
\\nashp\DATABUHP\Nam SEO\.vid_Hoàn thiện_ Lưu\Bé Cá\070 Bé Cá.mp4
\\nashp\DATABUHP\Nam SEO\.vid_Hoàn thiện_ Lưu\Bé Cá\104 Bé Cá.mp4
\\nashp\DATABUHP\.HP_PROJECTs\.vid_Hoàn thiện_ Lưu\Bé Cá\415 Bé Cá.mp4
\\nashp\DATABUHP\Nam SEO\.vid_Hoàn thiện_ Lưu\Bé Cá\239 Bé Cá.mp4
\\nashp\DATABUHP\Nam SEO\.vid_Hoàn thiện_ Lưu\Bé Cá\189 Bé Cá.mp4
\\nashp\DATABUHP\.HP_PROJECTs\.vid_Hoàn thiện_ Lưu\Bé Cá\061 Bé Cá.mp4
\\nashp\DATABUHP\Nam SEO\.vid_Hoàn thiện_ Lưu\Bé Cá\270 Bé Cá.mp4
\\nashp\DATABUHP\.HP_PROJECTs\.vid_Hoàn thiện_ Lưu\Bé Cá\234 Bé Cá.mp4
\\nashp\DATABUHP\Nam SEO\.vid_Hoàn thiện_ Lưu\Bé Cá\088 Bé Cá.mp4
\\nashp\DATABUHP\Nam SEO\.vid_Hoàn thiện_ Lưu\Bé Cá\259 Bé Cá.mp4
\\nashp\DATABUHP\.HP_PROJECTs\.vid_Hoàn thiện_ Lưu\Bé Cá\414 Bé Cá.mp4
\\nashp\DATABUHP\Nam SEO\.Bé Cá\587 BC\Video Edit 587 BC\587 BC.mp4
\\nashp\DATABUHP\Nam SEO\.vid_Hoàn thiện_ Lưu\Bé Cá\366 Bé Cá.mp4
\\nashp\DATABUHP\.HP_PROJECTs\.vid_Hoàn thiện_ Lưu\Bé Cá\312 Bé Cá.mp4
\\nashp\DATABUHP\.HP_PROJECTs\.Bé Cá\601 BC\Video Edit 601 BC\601 BC.mp4
\\nashp\DATABUHP\Nam SEO\.vid_Hoàn thiện_ Lưu\Bé Cá\100 Bé Cá.mp4
\\nashp\DATABUHP\.HP_PROJECTs\.vid_Hoàn thiện_ Lưu\Bé Cá\516 BC.mp4
\\nashp\DATABUHP\.HP_PROJECTs\.vid_Hoàn thiện_ Lưu\Bé Cá\393 Bé Cá.mp4
\\nashp\DATABUHP\.HP_PROJECTs\.vid_Hoàn thiện_ Lưu\Bé Cá\522 BC.mp4
\\nashp\DATABUHP\Nam SEO\.vid_Hoàn thiện_ Lưu\Bé Cá\518 BC.mp4
\\nashp\DATABUHP\Nam SEO\.vid_Hoàn thiện_ Lưu\Bé Cá\352 Bé Cá.mp4
\\nashp\DATABUHP\Nam SEO\.vid_Hoàn thiện_ Lưu\Bé Cá\121 Bé Cá.mp4
\\nashp\DATABUHP\Nam SEO\.Bé Cá\579 BC\Video Edit 579 BC\579 BC.mp4
\\nashp\DATABUHP\Nam SEO\.vid_Hoàn thiện_ Lưu\Bé Cá\329 Bé Cá.mp4
\\nashp\DATABUHP\.HP_PROJECTs\.vid_Hoàn thiện_ Lưu\Bé Cá\370 Bé Cá.mp4
\\nashp\DATABUHP\Nam SEO\.vid_Hoàn thiện_ Lưu\Bé Cá\074 Bé Cá.mp4
\\nashp\DATABUHP\Nam SEO\.vid_Hoàn thiện_ Lưu\Bé Cá\324 Bé Cá.mp4
\\nashp\DATABUHP\.HP_PROJECTs\.vid_Hoàn thiện_ Lưu\Bé Cá\100 Bé Cá.mp4
\\nashp\DATABUHP\.HP_PROJECTs\.vid_Hoàn thiện_ Lưu\Bé Cá\330 Bé Cá.mp4
\\nashp\DATABUHP\Nam SEO\.vid_Hoàn thiện_ Lưu\Bé Cá\139 Bé Cá.mp4
\\nashp\DATABUHP\Nam SEO\.vid_Hoàn thiện_ Lưu\Bé Cá\396 Bé Cá.mp4
\\nashp\DATABUHP\Nam SEO\.vid_Hoàn thiện_ Lưu\Bé Cá\168 Bé Cá.mp4
\\nashp\DATABUHP\.HP_PROJECTs\.vid_Hoàn thiện_ Lưu\Bé Cá\215 Bé Cá.mp4
\\nashp\DATABUHP\Nam SEO\.vid_Hoàn thiện_ Lưu\Bé Cá\382 Bé Cá.mp4
\\nashp\DATABUHP\.HP_PROJECTs\.vid_Hoàn thiện_ Lưu\Bé Cá\086 Bé Cá.mp4
\\nashp\DATABUHP\Nam SEO\.vid_Hoàn thiện_ Lưu\Bé Cá\395 Bé Cá.mp4
\\nashp\DATABUHP\Nam SEO\.vid_Hoàn thiện_ Lưu\Bé Cá\061 Bé Cá.mp4
\\nashp\DATABUHP\Nam SEO\.vid_Hoàn thiện_ Lưu\Bé Cá\515 BC.mp4
\\nashp\DATABUHP\Nam SEO\.vid_Hoàn thiện_ Lưu\Bé Cá\348 Bé Cá.mp4
\\nashp\DATABUHP\Nam SEO\.vid_Hoàn thiện_ Lưu\Bé Cá\393 Bé Cá.mp4
\\nashp\DATABUHP\.HP_PROJECTs\.vid_Hoàn thiện_ Lưu\Bé Cá\250 Bé Cá.mp4
\\nashp\DATABUHP\.HP_PROJECTs\.vid_Hoàn thiện_ Lưu\Bé Cá\259 Bé Cá.mp4
\\nashp\DATABUHP\.HP_PROJECTs\.vid_Hoàn thiện_ Lưu\Bé Cá\369 Bé Cá.mp4
\\nashp\DATABUHP\.HP_PROJECTs\.vid_Hoàn thiện_ Lưu\Bé Cá\411 Bé Cá.mp4
\\nashp\DATABUHP\Nam SEO\.vid_Hoàn thiện_ Lưu\Bé Cá\124 Bé Cá.mp4
\\nashp\DATABUHP\.HP_PROJECTs\.vid_Hoàn thiện_ Lưu\Bé Cá\240 Bé Cá.mp4
\\nashp\DATABUHP\Nam SEO\.vid_Hoàn thiện_ Lưu\Bé Cá\291 Bé Cá.mp4
\\nashp\DATABUHP\Nam SEO\.vid_Hoàn thiện_ Lưu\Bé Cá\266 Bé Cá.mp4
\\nashp\DATABUHP\Nam SEO\.vid_Hoàn thiện_ Lưu\Bé Cá\500 BC.mp4
\\nashp\DATABUHP\Nam SEO\.vid_Hoàn thiện_ Lưu\Bé Cá\391 Bé Cá.mp4
\\nashp\DATABUHP\.HP_PROJECTs\.vid_Hoàn thiện_ Lưu\Bé Cá\309 Bé Cá.mp4
\\nashp\DATABUHP\.HP_PROJECTs\.vid_Hoàn thiện_ Lưu\Bé Cá\165 Bé Cá.mp4
\\nashp\DATABUHP\.HP_PROJECTs\.vid_Hoàn thiện_ Lưu\Bé Cá\210 Bé Cá.mp4
\\nashp\DATABUHP\Nam SEO\.vid_Hoàn thiện_ Lưu\Bé Cá\523 BC.mp4
\\nashp\DATABUHP\.HP_PROJECTs\.vid_Hoàn thiện_ Lưu\Bé Cá\170 Bé Cá.mp4
\\nashp\DATABUHP\.HP_PROJECTs\.vid_Hoàn thiện_ Lưu\Bé Cá\364 Bé Cá.mp4
\\nashp\DATABUHP\.HP_PROJECTs\.vid_Hoàn thiện_ Lưu\Bé Cá\063 Bé Cá.mp4
\\nashp\DATABUHP\.HP_PROJECTs\.vid_Hoàn thiện_ Lưu\Bé Cá\354 Bé Cá.mp4
\\nashp\DATABUHP\.HP_PROJECTs\.vid_Hoàn thiện_ Lưu\Bé Cá\430 Bé Cá.mp4
\\nashp\DATABUHP\Nam SEO\.vid_Hoàn thiện_ Lưu\Bé Cá\288 Bé Cá.mp4
\\nashp\DATABUHP\.HP_PROJECTs\.vid_Hoàn thiện_ Lưu\Bé Cá\262 Bé Cá.mp4
\\nashp\DATABUHP\Nam SEO\.vid_Hoàn thiện_ Lưu\Bé Cá\412 Bé Cá.mp4
\\nashp\DATABUHP\.HP_PROJECTs\.vid_Hoàn thiện_ Lưu\Bé Cá\148 Bé Cá.mp4
\\nashp\DATABUHP\.HP_PROJECTs\.vid_Hoàn thiện_ Lưu\Bé Cá\336 Bé Cá.mp4
\\nashp\DATABUHP\Nam SEO\.vid_Hoàn thiện_ Lưu\Bé Cá\221 Bé Cá.mp4
\\nashp\DATABUHP\Nam SEO\.vid_Hoàn thiện_ Lưu\Bé Cá\417 Bé Cá.mp4
\\nashp\DATABUHP\Nam SEO\.vid_Hoàn thiện_ Lưu\Bé Cá\312 Bé Cá.mp4
\\nashp\DATABUHP\Nam SEO\.vid_Hoàn thiện_ Lưu\Bé Cá\209 Bé Cá.mp4
\\nashp\DATABUHP\.HP_PROJECTs\.vid_Hoàn thiện_ Lưu\Bé Cá\064 Bé Cá.mp4
\\nashp\DATABUHP\.HP_PROJECTs\.vid_Hoàn thiện_ Lưu\Bé Cá\380 Bé Cá.mp4
\\nashp\DATABUHP\Nam SEO\.vid_Hoàn thiện_ Lưu\Bé Cá\099 Bé Cá.mp4
\\nashp\DATABUHP\.HP_PROJECTs\.vid_Hoàn thiện_ Lưu\Bé Cá\099 Bé Cá.mp4
\\nashp\DATABUHP\Nam SEO\.vid_Hoàn thiện_ Lưu\Bé Cá\419 Bé Cá.mp4
\\nashp\DATABUHP\Nam SEO\.vid_Hoàn thiện_ Lưu\Bé Cá\203 Bé Cá.mp4
\\nashp\DATABUHP\Nam SEO\.vid_Hoàn thiện_ Lưu\Bé Cá\289 Bé Cá.mp4
\\nashp\DATABUHP\.HP_PROJECTs\.vid_Hoàn thiện_ Lưu\Bé Cá\291 Bé Cá.mp4
\\nashp\DATABUHP\.HP_PROJECTs\.vid_Hoàn thiện_ Lưu\Bé Cá\278 Bé Cá.mp4
\\nashp\DATABUHP\Nam SEO\.vid_Hoàn thiện_ Lưu\Bé Cá\374 Bé Cá.mp4
\\nashp\DATABUHP\.HP_PROJECTs\.vid_Hoàn thiện_ Lưu\Bé Cá\409 Bé Cá.mp4
\\nashp\DATABUHP\.HP_PROJECTs\.vid_Hoàn thiện_ Lưu\Bé Cá\368 Bé Cá.mp4
\\nashp\DATABUHP\.HP_PROJECTs\.vid_Hoàn thiện_ Lưu\Bé Cá\093 Bé Cá.mp4
\\nashp\DATABUHP\Nam SEO\.vid_Hoàn thiện_ Lưu\Bé Cá\333 Bé Cá.mp4
\\nashp\DATABUHP\Nam SEO\.vid_Hoàn thiện_ Lưu\Bé Cá\305 Bé Cá.mp4
\\nashp\DATABUHP\Nam SEO\.vid_Hoàn thiện_ Lưu\Bé Cá\505 BC.mp4
\\nashp\DATABUHP\Nam SEO\.vid_Hoàn thiện_ Lưu\Bé Cá\252 Bé Cá.mp4
\\nashp\DATABUHP\Nam SEO\.vid_Hoàn thiện_ Lưu\Bé Cá\154 Bé Cá.mp4
\\nashp\DATABUHP\.HP_PROJECTs\.vid_Hoàn thiện_ Lưu\Bé Cá\237 Bé Cá.mp4
\\nashp\DATABUHP\Nam SEO\.vid_Hoàn thiện_ Lưu\Bé Cá\068 Bé Cá.mp4
\\nashp\DATABUHP\.HP_PROJECTs\.vid_Hoàn thiện_ Lưu\Bé Cá\090 Bé Cá.mp4
\\nashp\DATABUHP\Nam SEO\.vid_Hoàn thiện_ Lưu\Bé Cá\346 Bé Cá.mp4
\\nashp\DATABUHP\.HP_PROJECTs\.vid_Hoàn thiện_ Lưu\Bé Cá\319 Bé Cá.mp4
\\nashp\DATABUHP\.HP_PROJECTs\.vid_Hoàn thiện_ Lưu\Bé Cá\249 Bé Cá.mp4
\\nashp\DATABUHP\Nam SEO\.vid_Hoàn thiện_ Lưu\Bé Cá\495 BC.mp4
\\nashp\DATABUHP\.HP_PROJECTs\.vid_Hoàn thiện_ Lưu\Bé Cá\069 Bé Cá.mp4
\\nashp\DATABUHP\Nam SEO\.vid_Hoàn thiện_ Lưu\Bé Cá\511 BC.mp4
\\nashp\DATABUHP\.HP_PROJECTs\.vid_Hoàn thiện_ Lưu\Bé Cá\146 Bé Cá.mp4
\\nashp\DATABUHP\.HP_PROJECTs\.vid_Hoàn thiện_ Lưu\Bé Cá\402 Bé Cá.mp4
\\nashp\DATABUHP\Nam SEO\.vid_Hoàn thiện_ Lưu\Bé Cá\319 Bé Cá.mp4
\\nashp\DATABUHP\.HP_PROJECTs\.vid_Hoàn thiện_ Lưu\Bé Cá\323 Bé Cá.mp4
\\nashp\DATABUHP\Nam SEO\.vid_Hoàn thiện_ Lưu\Bé Cá\306 Bé Cá.mp4
\\nashp\DATABUHP\Nam SEO\.vid_Hoàn thiện_ Lưu\Bé Cá\387 Bé Cá.mp4
\\nashp\DATABUHP\Nam SEO\.Bé Cá\578 BC\Video Edit 578 BC\578 BC.mp4
\\nashp\DATABUHP\.HP_PROJECTs\.vid_Hoàn thiện_ Lưu\Bé Cá\492 BC.mp4
\\nashp\DATABUHP\Nam SEO\.vid_Hoàn thiện_ Lưu\Bé Cá\503 BC.mp4
\\nashp\DATABUHP\.HP_PROJECTs\.vid_Hoàn thiện_ Lưu\Bé Cá\523 BC.mp4
\\nashp\DATABUHP\.HP_PROJECTs\.vid_Hoàn thiện_ Lưu\Bé Cá\144 Bé Cá.mp4
\\nashp\DATABUHP\Nam SEO\.vid_Hoàn thiện_ Lưu\Bé Cá\304 Bé Cá.mp4
\\nashp\DATABUHP\.HP_PROJECTs\.vid_Hoàn thiện_ Lưu\Bé Cá\293 Bé Cá.mp4
\\nashp\DATABUHP\Nam SEO\.vid_Hoàn thiện_ Lưu\Bé Cá\325 Bé Cá.mp4
\\nashp\DATABUHP\.HP_PROJECTs\.vid_Hoàn thiện_ Lưu\Bé Cá\333 Bé Cá.mp4
\\nashp\DATABUHP\Nam SEO\.vid_Hoàn thiện_ Lưu\Bé Cá\343 Bé Cá.mp4
\\nashp\DATABUHP\Nam SEO\.vid_Hoàn thiện_ Lưu\Bé Cá\183 Bé Cá.mp4
\\nashp\DATABUHP\.HP_PROJECTs\.vid_Hoàn thiện_ Lưu\Bé Cá\357 Bé Cá.mp4
\\nashp\DATABUHP\.HP_PROJECTs\.Bé Cá\602 BC\Video Edit 602 BC\602 BC.mp4
\\nashp\DATABUHP\Nam SEO\.vid_Hoàn thiện_ Lưu\Bé Cá\143 Bé Cá.mp4
\\nashp\DATABUHP\.HP_PROJECTs\.vid_Hoàn thiện_ Lưu\Bé Cá\171 Bé Cá.mp4
\\nashp\DATABUHP\.HP_PROJECTs\.vid_Hoàn thiện_ Lưu\Bé Cá\379 Bé Cá.mp4
\\nashp\DATABUHP\Nam SEO\.vid_Hoàn thiện_ Lưu\Bé Cá\202 Bé Cá.mp4
\\nashp\DATABUHP\Nam SEO\.vid_Hoàn thiện_ Lưu\Bé Cá\193 Bé Cá.mp4
\\nashp\DATABUHP\.HP_PROJECTs\.vid_Hoàn thiện_ Lưu\Bé Cá\092 Bé Cá.mp4
\\nashp\DATABUHP\Nam SEO\.vid_Hoàn thiện_ Lưu\Bé Cá\114 Bé Cá.mp4
\\nashp\DATABUHP\.HP_PROJECTs\.Bé Cá\599 BC\Video Edit 599 BC\599 BC.mp4
\\nashp\DATABUHP\Nam SEO\.vid_Hoàn thiện_ Lưu\Bé Cá\373 Bé Cá.mp4
\\nashp\DATABUHP\Nam SEO\.vid_Hoàn thiện_ Lưu\Bé Cá\073 Bé Cá.mp4
\\nashp\DATABUHP\Nam SEO\.Bé Cá\580 BC\Video Edit 580 BC\580 BC.mp4
\\nashp\DATABUHP\Nam SEO\.vid_Hoàn thiện_ Lưu\Bé Cá\375 Bé Cá.mp4
\\nashp\DATABUHP\Nam SEO\.Bé Cá\582 BC\Video Edit 582 BC\582 BC.mp4
\\nashp\DATABUHP\.HP_PROJECTs\.vid_Hoàn thiện_ Lưu\Bé Cá\160 Bé Cá.mp4
\\nashp\DATABUHP\.HP_PROJECTs\.vid_Hoàn thiện_ Lưu\Bé Cá\408 Bé Cá.mp4
\\nashp\DATABUHP\Nam SEO\.vid_Hoàn thiện_ Lưu\Bé Cá\314 Bé Cá.mp4
\\nashp\DATABUHP\.HP_PROJECTs\.vid_Hoàn thiện_ Lưu\Bé Cá\196 Bé Cá.mp4
\\nashp\DATABUHP\Nam SEO\.vid_Hoàn thiện_ Lưu\Bé Cá\320 Bé Cá.mp4
\\nashp\DATABUHP\Nam SEO\.vid_Hoàn thiện_ Lưu\Bé Cá\388 Bé Cá.mp4
\\nashp\DATABUHP\Nam SEO\.vid_Hoàn thiện_ Lưu\Bé Cá\334 Bé Cá.mp4
\\nashp\DATABUHP\.HP_PROJECTs\.vid_Hoàn thiện_ Lưu\Bé Cá\300 Bé Cá.mp4
\\nashp\DATABUHP\Nam SEO\.vid_Hoàn thiện_ Lưu\Bé Cá\506 BC.mp4
\\nashp\DATABUHP\Nam SEO\.vid_Hoàn thiện_ Lưu\Bé Cá\155 Bé Cá.mp4
\\nashp\DATABUHP\Nam SEO\.Bé Cá\581 BC\Video Edit 581 BC\581 BC.mp4
\\nashp\DATABUHP\Nam SEO\.vid_Hoàn thiện_ Lưu\Bé Cá\257 Bé Cá.mp4
\\nashp\DATABUHP\.HP_PROJECTs\.vid_Hoàn thiện_ Lưu\Bé Cá\233 Bé Cá.mp4
\\nashp\DATABUHP\Nam SEO\.vid_Hoàn thiện_ Lưu\Bé Cá\109 Bé Cá.mp4
\\nashp\DATABUHP\Nam SEO\.vid_Hoàn thiện_ Lưu\Bé Cá\372 Bé Cá.mp4
\\nashp\DATABUHP\.HP_PROJECTs\.vid_Hoàn thiện_ Lưu\Bé Cá\225 Bé Cá.mp4
\\nashp\DATABUHP\.HP_PROJECTs\.vid_Hoàn thiện_ Lưu\Bé Cá\420 Bé Cá.mp4
\\nashp\DATABUHP\Nam SEO\.vid_Hoàn thiện_ Lưu\Bé Cá\360 Bé Cá.mp4
\\nashp\DATABUHP\Nam SEO\.vid_Hoàn thiện_ Lưu\Bé Cá\497BC.mp4
\\nashp\DATABUHP\Nam SEO\.vid_Hoàn thiện_ Lưu\Bé Cá\300 Bé Cá.mp4
\\nashp\DATABUHP\.HP_PROJECTs\.vid_Hoàn thiện_ Lưu\Bé Cá\059 Bé Cá.mp4
\\nashp\DATABUHP\Nam SEO\.vid_Hoàn thiện_ Lưu\Bé Cá\277 Bé Cá.mp4
\\nashp\DATABUHP\Nam SEO\.vid_Hoàn thiện_ Lưu\Bé Cá\367 Bé Cá.mp4
\\nashp\DATABUHP\.HP_PROJECTs\.vid_Hoàn thiện_ Lưu\Bé Cá\417 Bé Cá.mp4
\\nashp\DATABUHP\Nam SEO\.vid_Hoàn thiện_ Lưu\Bé Cá\108 Bé Cá.mp4
\\nashp\DATABUHP\Nam SEO\.vid_Hoàn thiện_ Lưu\Bé Cá\083 Bé Cá.mp4
\\nashp\DATABUHP\.HP_PROJECTs\.vid_Hoàn thiện_ Lưu\Bé Cá\216 Bé Cá.mp4
\\nashp\DATABUHP\.HP_PROJECTs\.vid_Hoàn thiện_ Lưu\Bé Cá\062 Bé Cá.mp4
\\nashp\DATABUHP\Nam SEO\.vid_Hoàn thiện_ Lưu\Bé Cá\285 Bé Cá.mp4
\\nashp\DATABUHP\Nam SEO\.vid_Hoàn thiện_ Lưu\Bé Cá\323 Bé Cá.mp4
\\nashp\DATABUHP\.HP_PROJECTs\.vid_Hoàn thiện_ Lưu\Bé Cá\195 Bé Cá (2).mp4
\\nashp\DATABUHP\Nam SEO\.vid_Hoàn thiện_ Lưu\Bé Cá\507 BC.mp4
\\nashp\DATABUHP\.HP_PROJECTs\.vid_Hoàn thiện_ Lưu\Bé Cá\111 Bé Cá.mp4
\\nashp\DATABUHP\Nam SEO\.vid_Hoàn thiện_ Lưu\Bé Cá\524 BC.mp4
\\nashp\DATABUHP\.HP_PROJECTs\.vid_Hoàn thiện_ Lưu\Bé Cá\211 Bé Cá.mp4
\\nashp\DATABUHP\.HP_PROJECTs\.vid_Hoàn thiện_ Lưu\Bé Cá\359 Bé Cá.mp4
\\nashp\DATABUHP\.HP_PROJECTs\.vid_Hoàn thiện_ Lưu\Bé Cá\122 Bé Cá.mp4
\\nashp\DATABUHP\.HP_PROJECTs\.vid_Hoàn thiện_ Lưu\Bé Cá\200 Bé Cá.mp4
\\nashp\DATABUHP\.HP_PROJECTs\.vid_Hoàn thiện_ Lưu\Bé Cá\431 Bé Cá.mp4
\\nashp\DATABUHP\Nam SEO\.vid_Hoàn thiện_ Lưu\Bé Cá\191 Bé Cá.mp4
\\nashp\DATABUHP\Nam SEO\.vid_Hoàn thiện_ Lưu\Bé Cá\368 Bé Cá.mp4
\\nashp\DATABUHP\.HP_PROJECTs\.vid_Hoàn thiện_ Lưu\Bé Cá\351 Bé Cá.mp4
\\nashp\DATABUHP\Nam SEO\.Bé Cá\574 BC\Video Edit 574 BC\574 BC.mp4
\\nashp\DATABUHP\Nam SEO\.vid_Hoàn thiện_ Lưu\Bé Cá\237 Bé Cá.mp4
\\nashp\DATABUHP\Nam SEO\.vid_Hoàn thiện_ Lưu\Bé Cá\111 Bé Cá.mp4
\\nashp\DATABUHP\Nam SEO\.Bé Cá\575 BC\Video Edit 575 BC\575 BC.mp4
\\nashp\DATABUHP\Nam SEO\.vid_Hoàn thiện_ Lưu\Bé Cá\128 Bé Cá.mp4
\\nashp\DATABUHP\.HP_PROJECTs\.vid_Hoàn thiện_ Lưu\Bé Cá\127 Bé Cá.mp4
\\nashp\DATABUHP\.HP_PROJECTs\.vid_Hoàn thiện_ Lưu\Bé Cá\372 Bé Cá.mp4
\\nashp\DATABUHP\Nam SEO\.vid_Hoàn thiện_ Lưu\Bé Cá\142 Bé Cá.mp4
\\nashp\DATABUHP\Nam SEO\.vid_Hoàn thiện_ Lưu\Bé Cá\089 Bé Cá.mp4
\\nashp\DATABUHP\.HP_PROJECTs\.vid_Hoàn thiện_ Lưu\Bé Cá\168 Bé Cá.mp4
\\nashp\DATABUHP\.HP_PROJECTs\.vid_Hoàn thiện_ Lưu\Bé Cá\208 Bé Cá.mp4
\\nashp\DATABUHP\Nam SEO\.vid_Hoàn thiện_ Lưu\Bé Cá\247 Bé Cá.mp4
\\nashp\DATABUHP\.HP_PROJECTs\.vid_Hoàn thiện_ Lưu\Bé Cá\098 Bé Cá.mp4
\\nashp\DATABUHP\.HP_PROJECTs\.vid_Hoàn thiện_ Lưu\Bé Cá\496 BC.mp4
\\nashp\DATABUHP\.HP_PROJECTs\.vid_Hoàn thiện_ Lưu\Bé Cá\230 Bé Cá.mp4
\\nashp\DATABUHP\Nam SEO\.vid_Hoàn thiện_ Lưu\Bé Cá\092 Bé Cá.mp4
\\nashp\DATABUHP\.HP_PROJECTs\.vid_Hoàn thiện_ Lưu\Bé Cá\207 Bé Cá.mp4
\\nashp\DATABUHP\Nam SEO\.vid_Hoàn thiện_ Lưu\Bé Cá\075 Bé Cá.mp4
\\nashp\DATABUHP\.HP_PROJECTs\.vid_Hoàn thiện_ Lưu\Bé Cá\493 BC.mp4
\\nashp\DATABUHP\.HP_PROJECTs\.vid_Hoàn thiện_ Lưu\Bé Cá\074 Bé Cá.mp4
\\nashp\DATABUHP\.HP_PROJECTs\.vid_Hoàn thiện_ Lưu\Bé Cá\191 Bé Cá.mp4
\\nashp\DATABUHP\Nam SEO\.vid_Hoàn thiện_ Lưu\Bé Cá\385 Bé Cá.mp4
\\nashp\DATABUHP\Nam SEO\.vid_Hoàn thiện_ Lưu\Bé Cá\397 Bé Cá.mp4
\\nashp\DATABUHP\.HP_PROJECTs\.vid_Hoàn thiện_ Lưu\Bé Cá\500 BC.mp4
\\nashp\DATABUHP\Nam SEO\.vid_Hoàn thiện_ Lưu\Bé Cá\131 Bé Cá.mp4
\\nashp\DATABUHP\Nam SEO\.vid_Hoàn thiện_ Lưu\Bé Cá\106 Bé Cá.mp4
\\nashp\DATABUHP\.HP_PROJECTs\.vid_Hoàn thiện_ Lưu\Bé Cá\342 Bé Cá.mp4
\\nashp\DATABUHP\.HP_PROJECTs\.Bé Cá\598 BC\Video Edit 598 BC\598 BC.mp4
\\nashp\DATABUHP\.HP_PROJECTs\.vid_Hoàn thiện_ Lưu\Bé Cá\121 Bé Cá.mp4
\\nashp\DATABUHP\Nam SEO\.vid_Hoàn thiện_ Lưu\Bé Cá\185 Bé Cá.mp4
\\nashp\DATABUHP\Nam SEO\.vid_Hoàn thiện_ Lưu\Bé Cá\190 Bé Cá.mp4
\\nashp\DATABUHP\Nam SEO\.vid_Hoàn thiện_ Lưu\Bé Cá\072 Bé Cá.mp4
\\nashp\DATABUHP\Nam SEO\.vid_Hoàn thiện_ Lưu\Bé Cá\176 Bé Cá.mp4
\\nashp\DATABUHP\.HP_PROJECTs\.vid_Hoàn thiện_ Lưu\Bé Cá\169 Bé Cá.mp4
\\nashp\DATABUHP\.HP_PROJECTs\.vid_Hoàn thiện_ Lưu\Bé Cá\212 Bé Cá.mp4
\\nashp\DATABUHP\Nam SEO\.vid_Hoàn thiện_ Lưu\Bé Cá\093 Bé Cá.mp4
\\nashp\DATABUHP\Nam SEO\.vid_Hoàn thiện_ Lưu\Bé Cá\130 Bé Cá.mp4
\\nashp\DATABUHP\Nam SEO\.vid_Hoàn thiện_ Lưu\Bé Cá\276 Bé Cá.mp4
\\nashp\DATABUHP\Nam SEO\.vid_Hoàn thiện_ Lưu\Bé Cá\182 Bé Cá.mp4
\\nashp\DATABUHP\.HP_PROJECTs\.vid_Hoàn thiện_ Lưu\Bé Cá\247 Bé Cá.mp4
\\nashp\DATABUHP\Nam SEO\.vid_Hoàn thiện_ Lưu\Bé Cá\434 Bé Cá.mp4
\\nashp\DATABUHP\Nam SEO\.vid_Hoàn thiện_ Lưu\Bé Cá\339 Bé Cá.mp4
\\nashp\DATABUHP\.HP_PROJECTs\.vid_Hoàn thiện_ Lưu\Bé Cá\163 Bé Cá.mp4
\\nashp\DATABUHP\.HP_PROJECTs\.vid_Hoàn thiện_ Lưu\Bé Cá\129 Bé Cá.mp4
\\nashp\DATABUHP\Nam SEO\.vid_Hoàn thiện_ Lưu\Bé Cá\235 Bé Cá.mp4
\\nashp\DATABUHP\.HP_PROJECTs\.vid_Hoàn thiện_ Lưu\Bé Cá\218 Bé Cá.mp4
\\nashp\DATABUHP\Nam SEO\.vid_Hoàn thiện_ Lưu\Bé Cá\357 Bé Cá.mp4
\\nashp\DATABUHP\.HP_PROJECTs\.vid_Hoàn thiện_ Lưu\Bé Cá\147 Bé Cá.mp4
\\nashp\DATABUHP\Nam SEO\.vid_Hoàn thiện_ Lưu\Bé Cá\519 BC.mp4
\\nashp\DATABUHP\.HP_PROJECTs\.vid_Hoàn thiện_ Lưu\Bé Cá\399 Bé Cá.mp4
\\nashp\DATABUHP\Nam SEO\.vid_Hoàn thiện_ Lưu\Bé Cá\491 BC.mp4
\\nashp\DATABUHP\Nam SEO\.vid_Hoàn thiện_ Lưu\Bé Cá\384 Bé Cá.mp4
\\nashp\DATABUHP\.HP_PROJECTs\.vid_Hoàn thiện_ Lưu\Bé Cá\206 Bé Cá.mp4
\\nashp\DATABUHP\.HP_PROJECTs\.vid_Hoàn thiện_ Lưu\Bé Cá\081 Bé Cá.mp4
\\nashp\DATABUHP\.HP_PROJECTs\.vid_Hoàn thiện_ Lưu\Bé Cá\308 Bé Cá.mp4
\\nashp\DATABUHP\.HP_PROJECTs\.Bé Cá\593 BC\Video Edit 593 BC\593 BC.mp4
\\nashp\DATABUHP\Nam SEO\.vid_Hoàn thiện_ Lưu\Bé Cá\192 Bé Cá.mp4
\\nashp\DATABUHP\Nam SEO\.Bé Cá\576 BC\Video Edit 576 BC\576 BC.mp4
\\nashp\DATABUHP\Nam SEO\.vid_Hoàn thiện_ Lưu\Bé Cá\414 Bé Cá.mp4
\\nashp\DATABUHP\Nam SEO\.vid_Hoàn thiện_ Lưu\Bé Cá\286 Bé Cá.mp4
\\nashp\DATABUHP\Nam SEO\.vid_Hoàn thiện_ Lưu\Bé Cá\297 Bé Cá.mp4
\\nashp\DATABUHP\.HP_PROJECTs\.vid_Hoàn thiện_ Lưu\Bé Cá\394 Bé Cá.mp4
\\nashp\DATABUHP\.HP_PROJECTs\.vid_Hoàn thiện_ Lưu\Bé Cá\107 Bé Cá.mp4
\\nashp\DATABUHP\.HP_PROJECTs\.vid_Hoàn thiện_ Lưu\Bé Cá\343 Bé Cá.mp4
\\nashp\DATABUHP\.HP_PROJECTs\.vid_Hoàn thiện_ Lưu\Bé Cá\071 Bé Cá.mp4
\\nashp\DATABUHP\.HP_PROJECTs\.vid_Hoàn thiện_ Lưu\Bé Cá\102 Bé Cá.mp4
\\nashp\DATABUHP\Nam SEO\.vid_Hoàn thiện_ Lưu\Bé Cá\064 Bé Cá.mp4
\\nashp\DATABUHP\Nam SEO\.vid_Hoàn thiện_ Lưu\Bé Cá\060 Bé Cá.mp4
\\nashp\DATABUHP\Nam SEO\.vid_Hoàn thiện_ Lưu\Bé Cá\493 BC.mp4
\\nashp\DATABUHP\Nam SEO\.vid_Hoàn thiện_ Lưu\Bé Cá\219 Bé Cá.mp4
\\nashp\DATABUHP\Nam SEO\.vid_Hoàn thiện_ Lưu\Bé Cá\403 Bé Cá.mp4
\\nashp\DATABUHP\Nam SEO\.vid_Hoàn thiện_ Lưu\Bé Cá\152 Bé Cá.mp4
\\nashp\DATABUHP\Nam SEO\.vid_Hoàn thiện_ Lưu\Bé Cá\067 Bé Cá.mp4
\\nashp\DATABUHP\Nam SEO\.vid_Hoàn thiện_ Lưu\Bé Cá\263 Bé Cá.mp4
\\nashp\DATABUHP\.HP_PROJECTs\.vid_Hoàn thiện_ Lưu\Bé Cá\197 Bé Cá.mp4
\\nashp\DATABUHP\Nam SEO\.vid_Hoàn thiện_ Lưu\Bé Cá\399 Bé Cá.mp4
\\nashp\DATABUHP\.HP_PROJECTs\.vid_Hoàn thiện_ Lưu\Bé Cá\274 Bé Cá.mp4
\\nashp\DATABUHP\.HP_PROJECTs\.vid_Hoàn thiện_ Lưu\Bé Cá\499 BC.mp4
