\\nashp\DATABUHP\Nam SEO\Bluey Khai thác\.Bluey Funtoys\.Đa Up\KT 104\KB104.mp4
\\nashp\DATABUHP\.HP_PROJECTs\Bluey Khai thác\.Bluey Funtoys\.Đa Up\KT 185\Bluey KT 185.mp4
\\nashp\DATABUHP\.HP_PROJECTs\Bluey Khai thác\.Bluey Funtoys\.Đa Up\Kt 183\Bluey KT 183 .mp4
\\nashp\DATABUHP\Nam SEO\Bluey Khai thác\.Bluey Funtoys\.Đa Up\KT 110\KT 110.mp4
\\nashp\DATABUHP\Nam SEO\Bluey Khai thác\.Bluey Funtoys\.Đa Up\KT 54 (Quang)\V54.mp4
\\nashp\DATABUHP\.HP_PROJECTs\Bluey Khai thác\.Bluey Funtoys\.Đa Up\KT 179\KT 179.mp4
\\nashp\DATABUHP\.HP_PROJECTs\Bluey Khai thác\.Bluey Funtoys\.Đa Up\KT 173\KT 173.mp4
\\nashp\DATABUHP\.HP_PROJECTs\Bluey Khai thác\.Bluey Funtoys\.Đa Up\KT 191\KT 191.mp4
\\nashp\DATABUHP\.HP_PROJECTs\Bluey Khai thác\.Bluey Funtoys\.Đa Up\KT 176\KT 176_ tuấn.mp4
\\nashp\DATABUHP\.HP_PROJECTs\Bluey Khai thác\.Bluey Funtoys\.Đa Up\KT 221\KT 221 GHEP.mp4
\\nashp\DATABUHP\.HP_PROJECTs\Bluey Khai thác\.Bluey Funtoys\.Đa Up\KT 181\Bluey KT 181.mp4
\\nashp\DATABUHP\.HP_PROJECTs\Bluey Khai thác\.Bluey Funtoys\.Đa Up\KT 71 Quang\CKTB071 Quang.mp4
\\nashp\DATABUHP\Nam SEO\Bluey Khai thác\.Bluey Funtoys\.Đa Up\KT 40 (Linh)\CKTB040  (Linh).mp4
\\nashp\DATABUHP\.HP_PROJECTs\Bluey Khai thác\.Bluey Funtoys\.Đa Up\KT 77 Quang\V77 Quang.mp4
\\nashp\DATABUHP\Nam SEO\Bluey Khai thác\.Bluey Funtoys\.Đa Up\KT 41 (Linh)\Bluey KT41.mp4
\\nashp\DATABUHP\.HP_PROJECTs\Bluey Khai thác\.Bluey Funtoys\.Đa Up\KT 149\KT 149fix.mp4
\\nashp\DATABUHP\.HP_PROJECTs\Bluey Khai thác\.Bluey Funtoys\.Đa Up\KT 235\KT 235.mp4
\\nashp\DATABUHP\Nam SEO\Bluey Khai thác\.Bluey Funtoys\.Đa Up\KT 71 Quang\CKTB071 Quang.mp4
\\nashp\DATABUHP\Nam SEO\Bluey Khai thác\.Bluey Funtoys\.Đa Up\KT 06\Bluey Fun Toys - Snow Day Slide Play - Heeler Family Memories.mp4
\\nashp\DATABUHP\.HP_PROJECTs\Bluey Khai thác\.Bluey Funtoys\.Đa Up\KT 20\Bluey Toy Playground Escapade Friendship, Laughter, and Life Lessons with Bluey and Bingo!.mp4
\\nashp\DATABUHP\.HP_PROJECTs\Bluey Khai thác\.Bluey Funtoys\.Đa Up\KT 53 (Quang)\V53.mp4
\\nashp\DATABUHP\Nam SEO\Bluey Khai thác\.Bluey Funtoys\.Đa Up\KT 1\KBT001.mp4
\\nashp\DATABUHP\Nam SEO\Bluey Khai thác\.Bluey Funtoys\.Đa Up\KT 107\KT 107.mp4
\\nashp\DATABUHP\.HP_PROJECTs\Bluey Khai thác\.Bluey Funtoys\.Đa Up\KT 105 Chính\KB 105.mp4
\\nashp\DATABUHP\.HP_PROJECTs\Bluey Khai thác\.Bluey Funtoys\.Đa Up\KT 18\Bluey Fun Toys - Set Up A Tent For Teddy Bear Indoor - The Heeler Family Fun Moments.mp4
\\nashp\DATABUHP\Nam SEO\Bluey Khai thác\.Bluey Funtoys\.Đa Up\KT 46\Bluey's Holiday on Stage - Bluey Transforms into a Knight.mp4
\\nashp\DATABUHP\.HP_PROJECTs\Bluey Khai thác\.Bluey Funtoys\.Đa Up\KT 106\KT106.mp4
\\nashp\DATABUHP\Nam SEO\Bluey Khai thác\.Bluey Funtoys\.Đa Up\KT 70 Quang\V 70.mp4
\\nashp\DATABUHP\.HP_PROJECTs\Bluey Khai thác\.Bluey Funtoys\.Đa Up\KT 41 (Linh)\Bluey KT41.mp4
\\nashp\DATABUHP\.HP_PROJECTs\Bluey Khai thác\.Bluey Funtoys\.Đa Up\KT 232\KT 232.mp4
\\nashp\DATABUHP\Nam SEO\Bluey Khai thác\.Bluey Funtoys\.Đa Up\KT 64(Thao)\Bluey_Thao_V64 (đã sửa).mp4
\\nashp\DATABUHP\.HP_PROJECTs\Bluey Khai thác\.Bluey Funtoys\.Đa Up\KT 113\KB 113.mp4
\\nashp\DATABUHP\.HP_PROJECTs\Bluey Khai thác\.Bluey Funtoys\.Đa Up\KT 118\KB 118.mp4
\\nashp\DATABUHP\.HP_PROJECTs\Bluey Khai thác\.Bluey Funtoys\.Đa Up\KT 235\KT 235 GHEP.mp4
\\nashp\DATABUHP\.HP_PROJECTs\Bluey Khai thác\.Bluey Funtoys\.Đa Up\KT 149\KT 149.mp4
\\nashp\DATABUHP\.HP_PROJECTs\Bluey Khai thác\.Bluey Funtoys\.Đa Up\KT 169\KT 169.mp4
\\nashp\DATABUHP\.HP_PROJECTs\Bluey Khai thác\.Bluey Funtoys\.Đa Up\KT 61(thao)\Bluey_V61_Thao.mp4
\\nashp\DATABUHP\Nam SEO\Bluey Khai thác\.Bluey Funtoys\.Đa Up\KT 72 Quang\KbB72 Quang.mp4
\\nashp\DATABUHP\.HP_PROJECTs\Bluey Khai thác\.Bluey Funtoys\.Đa Up\KT 114\KB 114.mp4
\\nashp\DATABUHP\.HP_PROJECTs\Bluey Khai thác\.Bluey Funtoys\.Đa Up\KT 24(Tuan)\Bluey KT 24.mp4
\\nashp\DATABUHP\Nam SEO\Bluey Khai thác\.Bluey Funtoys\.Đa Up\KT 59 Quang\Bluey Toys Be Careful - There Are Thieves In Bluey's house 👻 - Kids Learning Video.mp4
\\nashp\DATABUHP\Nam SEO\Bluey Khai thác\.Bluey Funtoys\.Đa Up\KT 26\C KTB026.mp4
\\nashp\DATABUHP\Nam SEO\Bluey Khai thác\.Bluey Funtoys\.Đa Up\KT 04\KTB004.mp4
\\nashp\DATABUHP\Nam SEO\Bluey Khai thác\.Bluey Funtoys\.Đa Up\KT 60\bluey_V60_Thao_V2_1.mp4
\\nashp\DATABUHP\Nam SEO\Bluey Khai thác\.Bluey Funtoys\.Đa Up\KT 89\KB 89.mp4
\\nashp\DATABUHP\.HP_PROJECTs\Bluey Khai thác\.Bluey Funtoys\.Đa Up\KT 78 Quang\Mischievous BLUEY! Bluey Pretends To Be Sick - Pretend Play With Bluey Toys.mp4
\\nashp\DATABUHP\Nam SEO\Bluey Khai thác\.Bluey Funtoys\.Đa Up\KT 78 Quang\Mischievous BLUEY! Bluey Pretends To Be Sick - Pretend Play With Bluey Toys.mp4
\\nashp\DATABUHP\Nam SEO\Bluey Khai thác\.Bluey Funtoys\.Đa Up\Kt 183\Bluey KT 183 .mp4
\\nashp\DATABUHP\.HP_PROJECTs\Bluey Khai thác\.Bluey Funtoys\.Đa Up\KT 146\bluey 146.mp4
\\nashp\DATABUHP\.HP_PROJECTs\Bluey Khai thác\.Bluey Funtoys\.Đa Up\KT 227\KT 227.mp4
\\nashp\DATABUHP\.HP_PROJECTs\Bluey Khai thác\.Bluey Funtoys\.Đa Up\KT 123\KT123.mp4
\\nashp\DATABUHP\.HP_PROJECTs\Bluey Khai thác\.Bluey Funtoys\.Đa Up\KT 184\Bluey KT 184.mp4
\\nashp\DATABUHP\.HP_PROJECTs\Bluey Khai thác\.Bluey Funtoys\.Đa Up\KT 67 (Thao)\Bluey_V67_Thao.mp4
\\nashp\DATABUHP\.HP_PROJECTs\Bluey Khai thác\.Bluey Funtoys\.Đa Up\KT 178\KT 178.mp4
\\nashp\DATABUHP\Nam SEO\Bluey Khai thác\.Bluey Funtoys\.Đa Up\KT 103\KT103.mp4
\\nashp\DATABUHP\Nam SEO\Bluey Khai thác\.Bluey Funtoys\.Đa Up\KT 105\KT105.mp4
\\nashp\DATABUHP\Nam SEO\Bluey Khai thác\.Bluey Funtoys\.Đa Up\KT 65 (Thao)\Bluey_Thao_V65.mp4
\\nashp\DATABUHP\.HP_PROJECTs\Bluey Khai thác\.Bluey Funtoys\.Đa Up\KT 177\KT 177.mp4
\\nashp\DATABUHP\Nam SEO\Bluey Khai thác\.Bluey Funtoys\.Đa Up\KT 77 Quang\V77 Quang.mp4
\\nashp\DATABUHP\.HP_PROJECTs\Bluey Khai thác\.Bluey Funtoys\.Đa Up\KT 180\Bluey KT 180_v2.mp4
\\nashp\DATABUHP\.HP_PROJECTs\Bluey Khai thác\.Bluey Funtoys\.Đa Up\KT 64(Thao)\Bluey_Thao_V64 (đã sửa).mp4
\\nashp\DATABUHP\.HP_PROJECTs\Bluey Khai thác\.Bluey Funtoys\.Đa Up\KT 228\Bluey‘s eyes hurt.mp4
\\nashp\DATABUHP\.HP_PROJECTs\Bluey Khai thác\.Bluey Funtoys\.Đa Up\KT 50 (Quang)\CKTB50 Quang sua.mp4
\\nashp\DATABUHP\.HP_PROJECTs\Bluey Khai thác\.Bluey Funtoys\.Đa Up\KT 30\C KTB030.mp4
\\nashp\DATABUHP\.HP_PROJECTs\Bluey Khai thác\.Bluey Funtoys\.Đa Up\KT 92\KB 92_Da Sua.mp4
\\nashp\DATABUHP\.HP_PROJECTs\Bluey Khai thác\.Bluey Funtoys\.Đa Up\KT 220\Bluey’s Baby Care Adventure! Lesson For Kid  Pretend Play With Bluey Toys.mp4
\\nashp\DATABUHP\.HP_PROJECTs\Bluey Khai thác\.Bluey Funtoys\.Đa Up\KT 121\KT121.mp4
\\nashp\DATABUHP\.HP_PROJECTs\Bluey Khai thác\.Bluey Funtoys\.Đa Up\KT 206\KT 206.mp4
\\nashp\DATABUHP\Nam SEO\Bluey Khai thác\.Bluey Funtoys\.Đa Up\KT 31\C KTB031.mp4
