\\nashp\DATABUHP\Nam SEO\.vid_Hoàn thiện_ Lưu\Bluey\279 KB.mp4
\\nashp\DATABUHP\Nam SEO\.vid_Hoàn thiện_ Lưu\Bluey\062.mp4
\\nashp\DATABUHP\Nam SEO\.vid_Hoàn thiện_ Lưu\Bluey\100.mp4
\\nashp\DATABUHP\Nam SEO\.vid_Hoàn thiện_ Lưu\Bluey\194.mp4
\\nashp\DATABUHP\Nam SEO\.vid_Hoàn thiện_ Lưu\Bluey\143.mp4
\\nashp\DATABUHP\Nam SEO\.vid_Hoàn thiện_ Lưu\Bluey\293 KB.mp4
\\nashp\DATABUHP\Nam SEO\.vid_Hoàn thiện_ Lưu\Bluey\146.mp4
\\nashp\DATABUHP\Nam SEO\.vid_Hoàn thiện_ Lưu\Bluey\220.mp4
\\nashp\DATABUHP\Nam SEO\.vid_Hoàn thiện_ Lưu\Bluey\137.mp4
\\nashp\DATABUHP\Nam SEO\.vid_Hoàn thiện_ Lưu\Bluey\024 -2.mp4
\\nashp\DATABUHP\Nam SEO\.vid_Hoàn thiện_ Lưu\Bluey\173.mp4
\\nashp\DATABUHP\Nam SEO\.vid_Hoàn thiện_ Lưu\Bluey\294 KB.mp4
\\nashp\DATABUHP\Nam SEO\.vid_Hoàn thiện_ Lưu\Bluey\126.mp4
\\nashp\DATABUHP\Nam SEO\.vid_Hoàn thiện_ Lưu\Bluey\269 KB.mp4
\\nashp\DATABUHP\Nam SEO\.vid_Hoàn thiện_ Lưu\Bluey\203.mp4
\\nashp\DATABUHP\Nam SEO\.vid_Hoàn thiện_ Lưu\Bluey\200.mp4
\\nashp\DATABUHP\Nam SEO\.vid_Hoàn thiện_ Lưu\Bluey\245 KB.mp4
\\nashp\DATABUHP\Nam SEO\.vid_Hoàn thiện_ Lưu\Bluey\300 KB.mp4
\\nashp\DATABUHP\Nam SEO\Bluey\331 KB\Video Edit 331 KB\331 KB.mp4
\\nashp\DATABUHP\Nam SEO\.vid_Hoàn thiện_ Lưu\Bluey\179.mp4
\\nashp\DATABUHP\Nam SEO\.vid_Hoàn thiện_ Lưu\Bluey\044.mp4
\\nashp\DATABUHP\Nam SEO\.vid_Hoàn thiện_ Lưu\Bluey\272 KB.mp4
\\nashp\DATABUHP\Nam SEO\.vid_Hoàn thiện_ Lưu\Bluey\023_1.mp4
\\nashp\DATABUHP\Nam SEO\.vid_Hoàn thiện_ Lưu\Bluey\079.mp4
\\nashp\DATABUHP\Nam SEO\.vid_Hoàn thiện_ Lưu\Bluey\266 KB fix.mp4
\\nashp\DATABUHP\Nam SEO\.vid_Hoàn thiện_ Lưu\Bluey\247 KB.mp4
\\nashp\DATABUHP\Nam SEO\Bluey\332 KB\332 KB.mp4
\\nashp\DATABUHP\Nam SEO\Bluey\335 KB\Video Edit 335 KB\335 KB.mp4
\\nashp\DATABUHP\Nam SEO\.vid_Hoàn thiện_ Lưu\Bluey\066.mp4
\\nashp\DATABUHP\Nam SEO\.vid_Hoàn thiện_ Lưu\Bluey\148.mp4
\\nashp\DATABUHP\Nam SEO\.vid_Hoàn thiện_ Lưu\Bluey\204.mp4
\\nashp\DATABUHP\Nam SEO\.vid_Hoàn thiện_ Lưu\Bluey\233.mp4
\\nashp\DATABUHP\Nam SEO\.vid_Hoàn thiện_ Lưu\Bluey\167.mp4
\\nashp\DATABUHP\Nam SEO\.vid_Hoàn thiện_ Lưu\Bluey\083.mp4
\\nashp\DATABUHP\Nam SEO\.vid_Hoàn thiện_ Lưu\Bluey\076.mp4
\\nashp\DATABUHP\Nam SEO\.vid_Hoàn thiện_ Lưu\Bluey\060.mp4
\\nashp\DATABUHP\Nam SEO\.vid_Hoàn thiện_ Lưu\Bluey\114.mp4
\\nashp\DATABUHP\Nam SEO\.vid_Hoàn thiện_ Lưu\Bluey\162.mp4
\\nashp\DATABUHP\Nam SEO\.vid_Hoàn thiện_ Lưu\Bluey\056.mp4
\\nashp\DATABUHP\Nam SEO\.vid_Hoàn thiện_ Lưu\Bluey\075.mp4
\\nashp\DATABUHP\Nam SEO\.vid_Hoàn thiện_ Lưu\Bluey\070.mp4
\\nashp\DATABUHP\Nam SEO\.vid_Hoàn thiện_ Lưu\Bluey\235.mp4
\\nashp\DATABUHP\Nam SEO\.vid_Hoàn thiện_ Lưu\Bluey\028.mp4
\\nashp\DATABUHP\Nam SEO\.vid_Hoàn thiện_ Lưu\Bluey\134 Da Sua.mp4
\\nashp\DATABUHP\Nam SEO\.vid_Hoàn thiện_ Lưu\Bluey\199.mp4
\\nashp\DATABUHP\Nam SEO\.vid_Hoàn thiện_ Lưu\Bluey\181.mp4
\\nashp\DATABUHP\Nam SEO\.vid_Hoàn thiện_ Lưu\Bluey\234.mp4
\\nashp\DATABUHP\Nam SEO\.vid_Hoàn thiện_ Lưu\Bluey\102.mp4
\\nashp\DATABUHP\Nam SEO\.vid_Hoàn thiện_ Lưu\Bluey\084.mp4
\\nashp\DATABUHP\Nam SEO\.vid_Hoàn thiện_ Lưu\Bluey\165.mp4
\\nashp\DATABUHP\Nam SEO\.vid_Hoàn thiện_ Lưu\Bluey\127_1.mp4
\\nashp\DATABUHP\Nam SEO\.vid_Hoàn thiện_ Lưu\Bluey\241.mp4
\\nashp\DATABUHP\Nam SEO\.vid_Hoàn thiện_ Lưu\Bluey\120.mp4
\\nashp\DATABUHP\Nam SEO\.vid_Hoàn thiện_ Lưu\Bluey\158.mp4
\\nashp\DATABUHP\Nam SEO\.vid_Hoàn thiện_ Lưu\Bluey\192.mp4
\\nashp\DATABUHP\Nam SEO\.vid_Hoàn thiện_ Lưu\Bluey\264 KB_fix.mp4
\\nashp\DATABUHP\Nam SEO\Bluey\329 KB\Video Edit 329 KB\329 KB.mp4
\\nashp\DATABUHP\Nam SEO\.vid_Hoàn thiện_ Lưu\Bluey\027_1.mp4
\\nashp\DATABUHP\Nam SEO\.vid_Hoàn thiện_ Lưu\Bluey\240.mp4
\\nashp\DATABUHP\Nam SEO\.vid_Hoàn thiện_ Lưu\Bluey\238.mp4
\\nashp\DATABUHP\Nam SEO\.vid_Hoàn thiện_ Lưu\Bluey\132.mp4
\\nashp\DATABUHP\Nam SEO\.vid_Hoàn thiện_ Lưu\Bluey\106.mp4
\\nashp\DATABUHP\Nam SEO\.vid_Hoàn thiện_ Lưu\Bluey\286 KB.mp4
\\nashp\DATABUHP\Nam SEO\.vid_Hoàn thiện_ Lưu\Bluey\213.mp4
\\nashp\DATABUHP\Nam SEO\.vid_Hoàn thiện_ Lưu\Bluey\230.mp4
\\nashp\DATABUHP\Nam SEO\.vid_Hoàn thiện_ Lưu\Bluey\032.mp4
\\nashp\DATABUHP\Nam SEO\.vid_Hoàn thiện_ Lưu\Bluey\109.mp4
\\nashp\DATABUHP\Nam SEO\.vid_Hoàn thiện_ Lưu\Bluey\242.mp4
\\nashp\DATABUHP\Nam SEO\.vid_Hoàn thiện_ Lưu\Bluey\064.mp4
\\nashp\DATABUHP\Nam SEO\.vid_Hoàn thiện_ Lưu\Bluey\312 KB.mp4
\\nashp\DATABUHP\Nam SEO\.vid_Hoàn thiện_ Lưu\Bluey\156.mp4
\\nashp\DATABUHP\Nam SEO\Bluey\334 KB\334 KB.mp4
\\nashp\DATABUHP\Nam SEO\.vid_Hoàn thiện_ Lưu\Bluey\059.mp4
\\nashp\DATABUHP\Nam SEO\.vid_Hoàn thiện_ Lưu\Bluey\311 KB.mp4
\\nashp\DATABUHP\Nam SEO\.vid_Hoàn thiện_ Lưu\Bluey\058.mp4
\\nashp\DATABUHP\Nam SEO\.vid_Hoàn thiện_ Lưu\Bluey\118.mp4
\\nashp\DATABUHP\Nam SEO\.vid_Hoàn thiện_ Lưu\Bluey\052.mp4
\\nashp\DATABUHP\Nam SEO\.vid_Hoàn thiện_ Lưu\Bluey\031.mp4
\\nashp\DATABUHP\Nam SEO\.vid_Hoàn thiện_ Lưu\Bluey\140.mp4
\\nashp\DATABUHP\Nam SEO\.vid_Hoàn thiện_ Lưu\Bluey\15_p1.mp4
\\nashp\DATABUHP\Nam SEO\.vid_Hoàn thiện_ Lưu\Bluey\189.mp4
