\\Fmc\E\Findtoys\V254\254.mp4
\\Fmc\E\Findtoys\V65\65.mp4
\\Fmc\E\Findtoys\V51\51.mp4
\\Fmc\E\Findtoys\V123\123.mp4
\\Fmc\E\Findtoys\V101\101.mp4
\\Fmc\E\Findtoys\V127\V127.mp4
\\Fmc\E\Findtoys\V233\V233 Y\C0101.MP4
\\Fmc\E\Findtoys\V209\V209-Y\3.MP4
\\Fmc\E\Findtoys\V214\V214.mp4
\\Fmc\E\Findtoys\V134\134.mp4
\\Fmc\E\Findtoys\V192\192.mp4
\\Fmc\E\Findtoys\V184\V184.mp4
\\Fmc\E\Findtoys\V247\V247 Y\C0096.MP4
\\Fmc\E\Findtoys\V62\62-2.mp4
\\Fmc\E\Findtoys\V131\V131.mp4
\\Fmc\E\Findtoys\V193\193.mp4
\\Fmc\E\Findtoys\V196\V196.mp4
\\Fmc\E\Findtoys\V163\E163D.mp4
\\Fmc\E\Findtoys\V50\50.mp4
\\Fmc\E\Findtoys\V200\200.mp4
\\Fmc\E\Findtoys\V185\V185.mp4
\\Fmc\E\Findtoys\V23\V23.mp4
\\Fmc\E\Findtoys\V81\81.mp4
\\Fmc\E\Findtoys\V191\191.mp4
\\Fmc\E\Findtoys\V40\40.mp4
\\Fmc\E\Findtoys\V226\V226.mp4
\\Fmc\E\Findtoys\V24\V24.mp4
\\Fmc\E\Findtoys\V2\2.mp4
\\Fmc\E\Findtoys\V124\124.mp4
\\Fmc\E\Findtoys\V198\V198-001.mp4
\\Fmc\E\Findtoys\V74\74.mp4
\\Fmc\E\Findtoys\V60\V60.mp4
\\Fmc\E\Findtoys\V58\58.mp4
\\Fmc\E\Findtoys\V205\V205--.mp4
\\Fmc\E\Findtoys\V90\V90.MP4
\\Fmc\E\Findtoys\V77\77.mp4
\\Fmc\E\Findtoys\V247\V247.mp4
\\Fmc\E\Findtoys\V52\52.mp4
\\Fmc\E\Findtoys\V186\V186.mp4
\\Fmc\E\Findtoys\V57\57.mp4
\\Fmc\E\Findtoys\V169\169.mp4
\\Fmc\E\Findtoys\V113\113.mp4
\\Fmc\E\Findtoys\V233\V233.mp4
\\Fmc\E\Findtoys\V59\58.mp4
\\Fmc\E\Findtoys\V195\195.mp4
\\Fmc\E\Findtoys\V220\V220 Y\C0024.MP4
\\Fmc\E\Findtoys\V194\V194.mp4
\\Fmc\E\Findtoys\V9\V9.mp4
\\Fmc\E\Findtoys\V171\171.mp4
\\Fmc\E\Findtoys\V216\V216 Y\C0005.MP4
\\Fmc\E\Findtoys\V199\199.mp4
\\Fmc\E\Findtoys\V70\70.mp4
\\Fmc\E\Findtoys\V197\V197.mp4
\\Fmc\E\Findtoys\V116\116.mp4
\\Fmc\E\Findtoys\V151\V151.mp4
\\Fmc\E\Findtoys\V241\241.mp4
