\\Fmc\E\may cay\410GA\410GA.mp4
\\Fmc\E\may cay\471HD\V471.mp4
\\Fmc\E\may cay\571HB\571HB.mp4
\\Fmc\E\may cay\C276C\C276C.mp4
\\Fmc\E\may cay\B392A\B392A mini1.mp4
\\Fmc\E\may cay\C277C\C277C.mp4
\\Fmc\E\may cay\E300C\E300C thu âm.mp4
\\Fmc\E\may cay\V39\39.mp4
\\Fmc\E\may cay\V10\V10.MP4
\\Fmc\E\may cay\473HD\473HD.mp4
\\Fmc\E\may cay\V30\V30.mp4
\\Fmc\E\may cay\B391C\B391C.mp4
\\Fmc\E\may cay\447FA\447FA mini1.mp4
\\Fmc\E\may cay\C288C\C288C.mp4
\\Fmc\E\may cay\E313C\E313C.mp4
\\Fmc\E\may cay\E335C\E335C.mp4
\\Fmc\E\may cay\C249C\V249.mp4
\\Fmc\E\may cay\E376C\E376C.mp4
\\Fmc\E\may cay\478GA\478GA.mp4
\\Fmc\E\may cay\485HD\V485HD.mp4
\\Fmc\E\may cay\V7\V7.MP4
\\Fmc\E\may cay\C273C\C273C.mp4
\\Fmc\E\may cay\E313C\E313C thu âm.mp4
\\Fmc\E\may cay\511HA\511HA.mp4
\\Fmc\E\may cay\514HD\V514HD_1.mp4
\\Fmc\E\may cay\V19\V19.mp4
\\Fmc\E\may cay\V12\V12.MP4
\\Fmc\E\may cay\537HA\537HA.mp4
\\Fmc\E\may cay\V9\V9.MP4
\\Fmc\E\may cay\472HA\472HA mini1.mp4
\\Fmc\E\may cay\E362C\V362.mp4
\\Fmc\E\may cay\E292D\E292D.mp4
\\Fmc\E\may cay\C250D\250D.mp4
\\Fmc\E\may cay\V42\V42.mp4
\\Fmc\E\may cay\558FD\V558FD.mp4
\\Fmc\E\may cay\549FD\V549FD.mp4
